<?xml version="1.0" encoding="UTF-8"?>
<testsuites name="New Test Suite" time="81.953" tests="1" failures="0" errors="0">
   <testsuite name="New Test Suite" tests="1" failures="0" errors="0" time="81.953" skipped="0" timestamp="2022-04-07 18:42:40" hostname="anle - 10.10.33.156" id="Test Suites/New Test Suite">
      <properties>
         <property name="deviceName" value=""/>
         <property name="devicePlatform" value=""/>
         <property name="logFolder" value="/Users/anle/Projects/TestCloud/Testing/smart-wait-example-tests/Reports/20220407_184206/New Test Suite/20220407_184213"/>
         <property name="logFiles" value="/Users/anle/Projects/TestCloud/Testing/smart-wait-example-tests/Reports/20220407_184206/New Test Suite/20220407_184213/execution0.log"/>
         <property name="attachments" value=""/>
         <property name="hostName" value="anle - 10.10.33.156"/>
         <property name="remoteDriverUrl" value="testcloud.katalon.com/hub"/>
         <property name="desiredCapabilities" value="{
  &quot;acceptInsecureCerts&quot;: false,
  &quot;browserName&quot;: &quot;chrome&quot;,
  &quot;browserVersion&quot;: &quot;97.0.4692.99&quot;,
  &quot;chrome&quot;: {
    &quot;chromedriverVersion&quot;: &quot;97.0.4692.71 (adefa7837d02a07a604c1e6eff0b3a09422ab88d-refs/branch-heads/4692@{#1247})&quot;,
    &quot;userDataDir&quot;: &quot;C:\\Users\\ContainerUser\\AppData\\Local\\Temp\\scoped_dir13120_136789396&quot;
  },
  &quot;goog:chromeOptions&quot;: {
    &quot;debuggerAddress&quot;: &quot;localhost:49325&quot;
  },
  &quot;javascriptEnabled&quot;: true,
  &quot;katalon:option&quot;: {
    &quot;organizationId&quot;: &quot;152796&quot;,
    &quot;unlimitedExecutionMinutes&quot;: false,
    &quot;jwt&quot;: &quot;eyJ0eXAiOiJKV1QiLCJhbGciOiJSUzI1NiJ9.eyJzdWIiOiJhbi5sZUBrYXRhbG9uLmNvbSIsInVwbiI6Ijc2MjEwMCIsImdyb3VwcyI6WyJVU0VSIl0sInN0YXR1cyI6IlZFUklGSUVEIiwiZ2l2ZW5fbmFtZSI6IkFuIiwiZmFtaWx5X25hbWUiOiJMZSIsImVtYWlsIjoiYW4ubGVAa2F0YWxvbi5jb20iLCJlbWFpbF92ZXJpZmllZCI6dHJ1ZSwiY3JlYXRlZF9hdCI6MTYzMTI2OTcwMSwidXBkYXRlZF9hdCI6MTY0OTMzMTcwMCwiYW1yIjpbInB3ZCJdLCJpYXQiOjE2NDkzMzE3MjksImV4cCI6MTY0OTkzNjUyOSwianRpIjoiYjZlY2I4NzgtOGFhOS00ZTViLThmZjMtYmU3ZTg3YTRhNjA0IiwiaXNzIjoia2F0YWxvbi1hdXRoIn0.eyjuOOeoamsfRudetb5DNcmBkOAOCweU9IsokkCWZsWEXui42wi6ZEmMxeL3hf7meT1MoVOJFe6OWmCdRRI1PkQ1lXSqhsHs7woyH854ji-JRGYnZn5HlYkw_xqypF5Sw74F8pfzlt8tRcStH7D2y36Yra80GVb4AGf8_06Tmf4pm7Mj2qGPmiytfmdzxTCD5aeMSxkMnwu96Au7MuoxiKvK2H81qJQPlQzY5lQpl1Ec4tzKwmv8yJEaNN0axQ_fuHyCWH7Jkxx7ws0YimL12NEcUo1xCM3jkEXUpTSbzSNlIiaZi0UoGkOzG8MfGx6FL9CJfc0akK2jzK01wkEBRA&quot;,
    &quot;class&quot;: &quot;com.katalon.testcloud.grid.common.tunnel.domain.UserOptionCapability&quot;,
    &quot;userId&quot;: 762100,
    &quot;usingTunnel&quot;: false,
    &quot;username&quot;: &quot;an.le@katalon.com&quot;
  },
  &quot;networkConnectionEnabled&quot;: false,
  &quot;os&quot;: &quot;windows&quot;,
  &quot;pageLoadStrategy&quot;: &quot;normal&quot;,
  &quot;platform&quot;: &quot;WINDOWS&quot;,
  &quot;platformName&quot;: &quot;WINDOWS&quot;,
  &quot;proxy&quot;: {
    &quot;proxyType&quot;: &quot;DIRECT&quot;,
    &quot;autodetect&quot;: false
  },
  &quot;requestId&quot;: &quot;e3940092-84b3-4128-a166-29da52179dca&quot;,
  &quot;se:cdp&quot;: &quot;ws://172.48.89.107:4444/session/25561a13d263f8b5ff0016247bdfbcf5/se/cdp&quot;,
  &quot;se:cdpVersion&quot;: &quot;97.0.4692.99&quot;,
  &quot;setWindowRect&quot;: true,
  &quot;strictFileInteractability&quot;: false,
  &quot;timeouts&quot;: {
    &quot;implicit&quot;: 0,
    &quot;pageLoad&quot;: 300000,
    &quot;script&quot;: 30000
  },
  &quot;unhandledPromptBehavior&quot;: &quot;dismiss and notify&quot;,
  &quot;webauthn:extension:credBlob&quot;: true,
  &quot;webauthn:extension:largeBlob&quot;: true,
  &quot;webauthn:virtualAuthenticators&quot;: true
}"/>
         <property name="os" value="Mac OS X 64bit"/>
         <property name="remoteOS" value="Windows"/>
         <property name="katalonVersion" value="8.2.5.208"/>
         <property name="browser" value="Chrome 97.0.4692.99"/>
         <property name="hostAddress" value="10.10.33.156"/>
         <property name="sessionId" value="25561a13d263f8b5ff0016247bdfbcf5"/>
         <property name="seleniumVersion" value="3.141.59"/>
         <property name="proxyInformation" value="ProxyInformation { proxyOption=NO_PROXY, proxyServerType=SOCKS, username=, password=********, proxyServerAddress=localhost, proxyServerPort=8080, executionList=&quot;&quot;, isApplyToDesiredCapabilities=true }"/>
         <property name="platform" value="Mac OS X"/>
      </properties>
      <testcase name="Test Cases/New Test Case" time="81.689" classname="Test Cases/New Test Case" status="PASSED">
         <system-out><![CDATA[2022-04-07 18:42:40 - [TEST_CASE][PASSED] - Test Cases/New Test Case: Test Cases/New Test Case

2022-04-07 18:42:40 - [TEST_STEP][PASSED] - openBrowser(""): Browser is opened with url: ''

2022-04-07 18:42:40 - [MESSAGE][INFO] - User set preference: ['os', 'windows']

2022-04-07 18:42:40 - [MESSAGE][INFO] - User set preference: ['browserName', 'chrome']

2022-04-07 18:42:40 - [MESSAGE][INFO] - User set preference: ['browserVersion', '97']

2022-04-07 18:42:40 - [MESSAGE][INFO] - User set preference: ['katalon:option', '{organizationId=152796, tunnelId=, usingTunnel=false}']

2022-04-07 18:42:40 - [MESSAGE][INFO] - Connecting to remote web server 'testcloud.katalon.com/hub' with type 'Selenium'

2022-04-07 18:42:41 - [MESSAGE][INFO] - Action delay is set to 0 milliseconds

2022-04-07 18:43:39 - [MESSAGE][PASSED] - Browser is opened with url: ''

2022-04-07 18:43:39 - [TEST_STEP][PASSED] - navigateToUrl("https://hosrem.zamo.io/user/login"): Navigate to 'https://hosrem.zamo.io/user/login' successfully

2022-04-07 18:43:45 - [MESSAGE][PASSED] - Navigate to 'https://hosrem.zamo.io/user/login' successfully

2022-04-07 18:43:45 - [TEST_STEP][PASSED] - setText(findTestObject("Object Repository/Page_ng nhp - HOSREM/input_ng nhp_username"), "admin@hosrem.org.vn"): Text 'admin@hosrem.org.vn' is set on object 'Object Repository/Page_ng nhp - HOSREM/input_ng nhp_username'

2022-04-07 18:43:50 - [MESSAGE][PASSED] - Text 'admin@hosrem.org.vn' is set on object 'Object Repository/Page_ng nhp - HOSREM/input_ng nhp_username'

2022-04-07 18:43:50 - [TEST_STEP][PASSED] - setEncryptedText(findTestObject("Object Repository/Page_ng nhp - HOSREM/input_ng nhp_password"), "lRjbE94itQ2P5Nq77tCtDw=="): Text ****** has been set on object 'Object Repository/Page_ng nhp - HOSREM/input_ng nhp_password'

2022-04-07 18:43:54 - [MESSAGE][PASSED] - Text ****** has been set on object 'Object Repository/Page_ng nhp - HOSREM/input_ng nhp_password'

2022-04-07 18:43:54 - [TEST_STEP][PASSED] - click(findTestObject("Object Repository/Page_ng nhp - HOSREM/button_ng nhp")): Object: 'Object Repository/Page_ng nhp - HOSREM/button_ng nhp' is clicked on

2022-04-07 18:43:56 - [MESSAGE][PASSED] - Object: 'Object Repository/Page_ng nhp - HOSREM/button_ng nhp' is clicked on

2022-04-07 18:43:56 - [TEST_STEP][PASSED] - verifyElementText(findTestObject("Object Repository/Page_Hi ngh - HOSREM/span_Danh sch hi ngh"), "Danh sách hội nghị"): Actual text and expected text of test object 'Object Repository/Page_Hi ngh - HOSREM/span_Danh sch hi ngh' are matched.

2022-04-07 18:43:58 - [MESSAGE][PASSED] - Actual text and expected text of test object 'Object Repository/Page_Hi ngh - HOSREM/span_Danh sch hi ngh' are matched.

2022-04-07 18:43:58 - [TEST_STEP][PASSED] - closeBrowser(): Browser is closed

2022-04-07 18:44:02 - [MESSAGE][PASSED] - Browser is closed]]></system-out>
         <system-err><![CDATA[]]></system-err>
      </testcase>
      <system-out><![CDATA[2022-04-07 18:42:40 - [TEST_SUITE][PASSED] - New Test Suite: Test Cases/New Test Case]]></system-out>
      <system-err><![CDATA[]]></system-err>
   </testsuite>
</testsuites>
