<?xml version="1.0" encoding="UTF-8"?>
<testsuites name="Smart Wait Regression" time="280.359" tests="1" failures="0" errors="0">
   <testsuite name="Smart Wait Regression" tests="1" failures="0" errors="0" time="280.359" skipped="0" timestamp="2022-01-26 11:46:56" hostname="anle - localhost" id="Test Suites/Smart Wait Regression">
      <properties>
         <property name="deviceName" value=""/>
         <property name="devicePlatform" value=""/>
         <property name="logFolder" value="/Users/anle/Projects/TestCloud/Testing/smart-wait-example-tests/Reports/20220126_114654/Smart Wait Regression/20220126_114654"/>
         <property name="logFiles" value="/Users/anle/Projects/TestCloud/Testing/smart-wait-example-tests/Reports/20220126_114654/Smart Wait Regression/20220126_114654/execution0.log"/>
         <property name="attachments" value=""/>
         <property name="hostName" value="anle - localhost"/>
         <property name="remoteDriverUrl" value="https://token:eyJ0eXAiOiJKV1QiLCJhbGciOiJSUzI1NiJ9.eyJzdWIiOiJhbi5sZUBrYXRhbG9uLmNvbSIsInVwbiI6IjQ4Nzk3OCIsImdyb3VwcyI6WyJVU0VSIl0sInN0YXR1cyI6IlZFUklGSUVEIiwiZ2l2ZW5fbmFtZSI6IiIsImZhbWlseV9uYW1lIjoiIiwiZW1haWwiOiJhbi5sZUBrYXRhbG9uLmNvbSIsImVtYWlsX3ZlcmlmaWVkIjp0cnVlLCJjcmVhdGVkX2F0IjoxNjMxMjcwMjU2LCJ1cGRhdGVkX2F0IjoxNjQzMTcyMjE5LCJhbXIiOlsicHdkIl0sImlhdCI6MTY0MzE3MjIzNCwiZXhwIjoxNjQzNzc3MDM0LCJqdGkiOiJiNGI4ZTFiMy00MGQwLTRlZmEtODM1YS0zOWI5NjBjZjlkOTQiLCJpc3MiOiJrYXRhbG9uLWF1dGgifQ.rXgworDtXtrdxvVYq0IwX2nBbj6c4jrj1Zw-qvcbW_hBNGLytEsGk1DuvYOwkPnABkoHugFFtc5BGRkLLYmBa5PWLhYz1Ny930jgJ1TdYJ5wsW-uddeI59X1QQQgOiNrvENPNKL1YZkE6GliH4kc4aAeezfBSQSG4SLAYJ7uuGnVbK1y-C7LI1NhPh5sEZ9ouNsuEvC2RS8TgKddHPiSpD1-iaDHc1QDtPX34sXmISs73jyxLMO_nAJUHSq3upZ10r-R0vtrwehyOTX87aathlmprlw0ditYbQxreQQoejF21qARPRAhMUIXYXC0D_HgNZRV7TSU-lsqvAvBgA7-kw@testcloud.dev.katalon.com/hub"/>
         <property name="desiredCapabilities" value="{
  &quot;acceptInsecureCerts&quot;: false,
  &quot;browserName&quot;: &quot;chrome&quot;,
  &quot;browserVersion&quot;: &quot;95.0.4638.69&quot;,
  &quot;chrome&quot;: {
    &quot;chromedriverVersion&quot;: &quot;95.0.4638.69 (6a1600ed572fedecd573b6c2b90a22fe6392a410-refs/branch-heads/4638@{#984})&quot;,
    &quot;userDataDir&quot;: &quot;/tmp/.com.google.Chrome.nKDW8a&quot;
  },
  &quot;goog:chromeOptions&quot;: {
    &quot;debuggerAddress&quot;: &quot;localhost:42627&quot;
  },
  &quot;javascriptEnabled&quot;: true,
  &quot;networkConnectionEnabled&quot;: false,
  &quot;pageLoadStrategy&quot;: &quot;normal&quot;,
  &quot;platform&quot;: &quot;LINUX&quot;,
  &quot;platformName&quot;: &quot;LINUX&quot;,
  &quot;proxy&quot;: {
    &quot;proxyType&quot;: &quot;DIRECT&quot;,
    &quot;autodetect&quot;: false
  },
  &quot;se:cdp&quot;: &quot;ws://172.41.3.136:4444/session/eb38f15cef8ba15fb9002f376e2d19a3/se/cdp&quot;,
  &quot;se:cdpVersion&quot;: &quot;95.0.4638.69&quot;,
  &quot;se:vnc&quot;: &quot;ws://172.41.3.136:4444/session/eb38f15cef8ba15fb9002f376e2d19a3/se/vnc&quot;,
  &quot;se:vncEnabled&quot;: true,
  &quot;se:vncLocalAddress&quot;: &quot;ws://172.41.3.136:7900&quot;,
  &quot;setWindowRect&quot;: true,
  &quot;strictFileInteractability&quot;: false,
  &quot;timeouts&quot;: {
    &quot;implicit&quot;: 0,
    &quot;pageLoad&quot;: 300000,
    &quot;script&quot;: 30000
  },
  &quot;unhandledPromptBehavior&quot;: &quot;dismiss and notify&quot;,
  &quot;webauthn:extension:credBlob&quot;: true,
  &quot;webauthn:extension:largeBlob&quot;: true,
  &quot;webauthn:virtualAuthenticators&quot;: true
}"/>
         <property name="os" value="Mac OS X 64bit"/>
         <property name="katalonVersion" value="8.2.5.208"/>
         <property name="browser" value="Chrome 95.0.4638.69"/>
         <property name="hostAddress" value="127.0.0.1"/>
         <property name="sessionId" value="eb38f15cef8ba15fb9002f376e2d19a3"/>
         <property name="seleniumVersion" value="3.141.59"/>
         <property name="proxyInformation" value="ProxyInformation { proxyOption=NO_PROXY, proxyServerType=HTTP, username=, password=********, proxyServerAddress=, proxyServerPort=0, executionList=&quot;&quot;, isApplyToDesiredCapabilities=true }"/>
         <property name="platform" value="Mac OS X"/>
      </properties>
      <testcase name="Test Cases/Smart Await" time="276.985" classname="Test Cases/Smart Await" status="PASSED">
         <system-out><![CDATA[2022-01-26 11:47:00 - [TEST_CASE][PASSED] - Test Cases/Smart Await: Test Cases/Smart Await

2022-01-26 11:47:00 - [TEST_STEP][PASSED] - openBrowser(""): Browser is opened with url: ''

2022-01-26 11:47:00 - [MESSAGE][INFO] - User set preference: ['browserName', 'chrome']

2022-01-26 11:47:00 - [MESSAGE][INFO] - User set preference: ['katalon:option', '{usingTunnel=false, organizationId=119252}']

2022-01-26 11:47:00 - [MESSAGE][INFO] - User set preference: ['browserVersion', '95']

2022-01-26 11:47:00 - [MESSAGE][INFO] - Connecting to remote web server 'testcloud.dev.katalon.com/hub' with type 'Selenium'

2022-01-26 11:47:01 - [MESSAGE][INFO] - Action delay is set to 0 milliseconds

2022-01-26 11:51:22 - [MESSAGE][PASSED] - Browser is opened with url: ''

2022-01-26 11:51:22 - [TEST_STEP][PASSED] - navigateToUrl("https://testcloud-smart-await.dev.katalon.com/"): Navigate to 'https://testcloud-smart-await.dev.katalon.com/' successfully

2022-01-26 11:51:23 - [MESSAGE][PASSED] - Navigate to 'https://testcloud-smart-await.dev.katalon.com/' successfully

2022-01-26 11:51:23 - [TEST_STEP][PASSED] - click(findTestObject("Object Repository/Page_tc-smart-await - 1.0.0-SNAPSHOT/button_Button")): Object: 'Object Repository/Page_tc-smart-await - 1.0.0-SNAPSHOT/button_Button' is clicked on

2022-01-26 11:51:26 - [MESSAGE][PASSED] - Object: 'Object Repository/Page_tc-smart-await - 1.0.0-SNAPSHOT/button_Button' is clicked on

2022-01-26 11:51:26 - [TEST_STEP][PASSED] - verifyTextPresent("Hello RESTEasy", true): Text 'Hello RESTEasy' is present on page  using regular expression

2022-01-26 11:51:36 - [MESSAGE][PASSED] - Text 'Hello RESTEasy' is present on page  using regular expression

2022-01-26 11:51:36 - [TEST_STEP][PASSED] - closeBrowser(): Browser is closed

2022-01-26 11:51:37 - [MESSAGE][PASSED] - Browser is closed]]></system-out>
         <system-err><![CDATA[]]></system-err>
      </testcase>
      <system-out><![CDATA[2022-01-26 11:46:56 - [TEST_SUITE][PASSED] - Smart Wait Regression: Test Cases/Smart Await]]></system-out>
      <system-err><![CDATA[]]></system-err>
   </testsuite>
</testsuites>
