<?xml version="1.0" encoding="UTF-8"?>
<testsuites name="New Test Suite" time="104.76" tests="1" failures="0" errors="0">
   <testsuite name="New Test Suite" tests="1" failures="0" errors="0" time="104.76" skipped="0" timestamp="2022-04-07 13:44:02" hostname="anle - 10.10.33.156" id="Test Suites/New Test Suite">
      <properties>
         <property name="deviceName" value=""/>
         <property name="devicePlatform" value=""/>
         <property name="logFolder" value="/Users/anle/Projects/TestCloud/Testing/smart-wait-example-tests/Reports/20220407_134345/New Test Suite/20220407_134352"/>
         <property name="logFiles" value="/Users/anle/Projects/TestCloud/Testing/smart-wait-example-tests/Reports/20220407_134345/New Test Suite/20220407_134352/execution0.log"/>
         <property name="attachments" value=""/>
         <property name="hostName" value="anle - 10.10.33.156"/>
         <property name="remoteDriverUrl" value="testcloud.katalon.com/hub"/>
         <property name="desiredCapabilities" value="{
  &quot;acceptInsecureCerts&quot;: false,
  &quot;browserName&quot;: &quot;msedge&quot;,
  &quot;browserVersion&quot;: &quot;99.0.1150.36&quot;,
  &quot;javascriptEnabled&quot;: true,
  &quot;katalon:option&quot;: {
    &quot;organizationId&quot;: &quot;575235&quot;,
    &quot;unlimitedExecutionMinutes&quot;: false,
    &quot;jwt&quot;: &quot;eyJ0eXAiOiJKV1QiLCJhbGciOiJSUzI1NiJ9.eyJzdWIiOiJhbi5sZUBrYXRhbG9uLmNvbSIsInVwbiI6Ijc2MjEwMCIsImdyb3VwcyI6WyJVU0VSIl0sInN0YXR1cyI6IlZFUklGSUVEIiwiZ2l2ZW5fbmFtZSI6IkFuIiwiZmFtaWx5X25hbWUiOiJMZSIsImVtYWlsIjoiYW4ubGVAa2F0YWxvbi5jb20iLCJlbWFpbF92ZXJpZmllZCI6dHJ1ZSwiY3JlYXRlZF9hdCI6MTYzMTI2OTcwMSwidXBkYXRlZF9hdCI6MTY0OTI5NjQ2OCwiYW1yIjpbInB3ZCJdLCJpYXQiOjE2NDkyOTY1NzQsImV4cCI6MTY0OTkwMTM3NCwianRpIjoiNzNkYWYyZDMtYmZlMC00Mjc2LWFkMDQtODQwMTZjMjhjZTI5IiwiaXNzIjoia2F0YWxvbi1hdXRoIn0.eMLisrMF7BcVMpvhrWvJtztUs4qmctcm0V_5zVm7E1Bd0-UuNk4UJasXjblT_3DvR0AA5ERWOLy8VbJUZn7MvLqnTCWLfzVtjHi33rUSQzEu24_pz8Z26RhhR5_JGWGnENPLUmaPn0oZ7ZegWaXYmYluOV_qmnd1sUV3HITuA_NoLSiBFMK2DC2B0fssByWpv9rJRKOTUQrnhztdhbM2m4YqyOmnfLTKC3RzinLvj89I4XNmsndYu6ubsnLawqr7W6ZcaEjIQtSRV7t7HPToAw5E4MbGF0VcmZJivxd0R43X6Zxg1PkN9FLQ7n5HBHJRfgR70_B98zGoWXSiM2FgOQ&quot;,
    &quot;class&quot;: &quot;com.katalon.testcloud.grid.common.tunnel.domain.UserOptionCapability&quot;,
    &quot;userId&quot;: 762100,
    &quot;usingTunnel&quot;: false,
    &quot;username&quot;: &quot;an.le@katalon.com&quot;
  },
  &quot;ms:edgeOptions&quot;: {
    &quot;debuggerAddress&quot;: &quot;localhost:49434&quot;
  },
  &quot;msedge&quot;: {
    &quot;msedgedriverVersion&quot;: &quot;99.0.1150.36 (c438621746b2932668109129d137a7e3a22ef4fd)&quot;,
    &quot;userDataDir&quot;: &quot;C:\\Users\\ContainerUser\\AppData\\Local\\Temp\\scoped_dir12388_2097926137&quot;
  },
  &quot;networkConnectionEnabled&quot;: false,
  &quot;pageLoadStrategy&quot;: &quot;normal&quot;,
  &quot;platform&quot;: &quot;WINDOWS&quot;,
  &quot;platformName&quot;: &quot;WINDOWS&quot;,
  &quot;proxy&quot;: {
    &quot;proxyType&quot;: &quot;DIRECT&quot;,
    &quot;autodetect&quot;: false
  },
  &quot;requestId&quot;: &quot;61f7e1bc-552c-4f39-a556-4f5545511bd2&quot;,
  &quot;se:cdp&quot;: &quot;ws://172.48.70.37:4444/session/2603f84213307879a61ef11333d2cda0/se/cdp&quot;,
  &quot;se:cdpVersion&quot;: &quot;99.0.1150.36&quot;,
  &quot;setWindowRect&quot;: true,
  &quot;strictFileInteractability&quot;: false,
  &quot;timeouts&quot;: {
    &quot;implicit&quot;: 0,
    &quot;pageLoad&quot;: 300000,
    &quot;script&quot;: 30000
  },
  &quot;unhandledPromptBehavior&quot;: &quot;dismiss and notify&quot;,
  &quot;webauthn:extension:credBlob&quot;: true,
  &quot;webauthn:extension:largeBlob&quot;: true,
  &quot;webauthn:virtualAuthenticators&quot;: true
}"/>
         <property name="os" value="Mac OS X 64bit"/>
         <property name="remoteOS" value="Windows"/>
         <property name="katalonVersion" value="8.2.5.208"/>
         <property name="browser" value="Edge Chromium 99"/>
         <property name="hostAddress" value="10.10.33.156"/>
         <property name="sessionId" value="2603f84213307879a61ef11333d2cda0"/>
         <property name="seleniumVersion" value="3.141.59"/>
         <property name="proxyInformation" value="ProxyInformation { proxyOption=NO_PROXY, proxyServerType=SOCKS, username=, password=********, proxyServerAddress=localhost, proxyServerPort=8080, executionList=&quot;&quot;, isApplyToDesiredCapabilities=true }"/>
         <property name="platform" value="Mac OS X"/>
      </properties>
      <testcase name="Test Cases/New Test Case" time="103.92" classname="Test Cases/New Test Case" status="PASSED">
         <system-out><![CDATA[2022-04-07 13:44:02 - [TEST_CASE][PASSED] - Test Cases/New Test Case: Test Cases/New Test Case

2022-04-07 13:44:03 - [TEST_STEP][PASSED] - openBrowser(""): Browser is opened with url: ''

2022-04-07 13:44:04 - [MESSAGE][INFO] - User set preference: ['os', 'windows']

2022-04-07 13:44:04 - [MESSAGE][INFO] - User set preference: ['browserName', 'msedge']

2022-04-07 13:44:04 - [MESSAGE][INFO] - User set preference: ['browserVersion', '99']

2022-04-07 13:44:04 - [MESSAGE][INFO] - User set preference: ['katalon:option', '{organizationId=575235, tunnelId=, usingTunnel=false}']

2022-04-07 13:44:04 - [MESSAGE][INFO] - Connecting to remote web server 'testcloud.katalon.com/hub' with type 'Selenium'

2022-04-07 13:44:05 - [MESSAGE][INFO] - Action delay is set to 0 milliseconds

2022-04-07 13:45:25 - [MESSAGE][PASSED] - Browser is opened with url: ''

2022-04-07 13:45:25 - [TEST_STEP][PASSED] - navigateToUrl("https://hosrem.zamo.io/user/login"): Navigate to 'https://hosrem.zamo.io/user/login' successfully

2022-04-07 13:45:30 - [MESSAGE][PASSED] - Navigate to 'https://hosrem.zamo.io/user/login' successfully

2022-04-07 13:45:30 - [TEST_STEP][PASSED] - setText(findTestObject("Object Repository/Page_ng nhp - HOSREM/input_ng nhp_username"), "admin@hosrem.org.vn"): Text 'admin@hosrem.org.vn' is set on object 'Object Repository/Page_ng nhp - HOSREM/input_ng nhp_username'

2022-04-07 13:45:35 - [MESSAGE][PASSED] - Text 'admin@hosrem.org.vn' is set on object 'Object Repository/Page_ng nhp - HOSREM/input_ng nhp_username'

2022-04-07 13:45:35 - [TEST_STEP][PASSED] - setEncryptedText(findTestObject("Object Repository/Page_ng nhp - HOSREM/input_ng nhp_password"), "lRjbE94itQ2P5Nq77tCtDw=="): Text ****** has been set on object 'Object Repository/Page_ng nhp - HOSREM/input_ng nhp_password'

2022-04-07 13:45:38 - [MESSAGE][PASSED] - Text ****** has been set on object 'Object Repository/Page_ng nhp - HOSREM/input_ng nhp_password'

2022-04-07 13:45:38 - [TEST_STEP][PASSED] - click(findTestObject("Object Repository/Page_ng nhp - HOSREM/button_ng nhp")): Object: 'Object Repository/Page_ng nhp - HOSREM/button_ng nhp' is clicked on

2022-04-07 13:45:39 - [MESSAGE][PASSED] - Object: 'Object Repository/Page_ng nhp - HOSREM/button_ng nhp' is clicked on

2022-04-07 13:45:39 - [TEST_STEP][PASSED] - verifyElementText(findTestObject("Object Repository/Page_Hi ngh - HOSREM/span_Danh sch hi ngh"), "Danh sách hội nghị"): Actual text and expected text of test object 'Object Repository/Page_Hi ngh - HOSREM/span_Danh sch hi ngh' are matched.

2022-04-07 13:45:42 - [MESSAGE][PASSED] - Actual text and expected text of test object 'Object Repository/Page_Hi ngh - HOSREM/span_Danh sch hi ngh' are matched.

2022-04-07 13:45:42 - [TEST_STEP][PASSED] - closeBrowser(): Browser is closed

2022-04-07 13:45:46 - [MESSAGE][PASSED] - Browser is closed]]></system-out>
         <system-err><![CDATA[]]></system-err>
      </testcase>
      <system-out><![CDATA[2022-04-07 13:44:02 - [TEST_SUITE][PASSED] - New Test Suite: Test Cases/New Test Case]]></system-out>
      <system-err><![CDATA[]]></system-err>
   </testsuite>
</testsuites>
