<?xml version="1.0" encoding="UTF-8"?>
<testsuites name="Smart Wait Regression" time="64.643" tests="1" failures="0" errors="0">
   <testsuite name="Smart Wait Regression" tests="1" failures="0" errors="0" time="64.643" skipped="0" timestamp="2022-01-27 19:41:48" hostname="anle - localhost" id="Test Suites/Smart Wait Regression">
      <properties>
         <property name="deviceName" value=""/>
         <property name="devicePlatform" value=""/>
         <property name="logFolder" value="/Users/anle/Projects/TestCloud/Testing/smart-wait-example-tests/Reports/20220127_194142/Smart Wait Regression/20220127_194142"/>
         <property name="logFiles" value="/Users/anle/Projects/TestCloud/Testing/smart-wait-example-tests/Reports/20220127_194142/Smart Wait Regression/20220127_194142/execution0.log"/>
         <property name="attachments" value=""/>
         <property name="hostName" value="anle - localhost"/>
         <property name="remoteDriverUrl" value="testcloud.katalon.com/hub"/>
         <property name="desiredCapabilities" value="{
  &quot;acceptInsecureCerts&quot;: false,
  &quot;browserName&quot;: &quot;firefox&quot;,
  &quot;browserVersion&quot;: &quot;93&quot;,
  &quot;javascriptEnabled&quot;: true,
  &quot;katalon:option&quot;: {
    &quot;class&quot;: &quot;com.katalon.testcloud.grid.common.tunnel.domain.UserOptionCapability&quot;,
    &quot;jwt&quot;: &quot;eyJ0eXAiOiJKV1QiLCJhbGciOiJSUzI1NiJ9.eyJzdWIiOiJhbi5sZUBrYXRhbG9uLmNvbSIsInVwbiI6Ijc2MjEwMCIsImdyb3VwcyI6WyJVU0VSIl0sInN0YXR1cyI6IlZFUklGSUVEIiwiZ2l2ZW5fbmFtZSI6IkFuIiwiZmFtaWx5X25hbWUiOiJMZSIsImVtYWlsIjoiYW4ubGVAa2F0YWxvbi5jb20iLCJlbWFpbF92ZXJpZmllZCI6dHJ1ZSwiY3JlYXRlZF9hdCI6MTYzMTI2OTcwMSwidXBkYXRlZF9hdCI6MTY0MzI4NDU1NCwiYW1yIjpbInB3ZCJdLCJpYXQiOjE2NDMyODQ1ODcsImV4cCI6MTY0Mzg4OTM4NywianRpIjoiNGIyZjVlODUtZGZmYS00MTEwLTljNzAtODc5ZDFlZTEyMmY2IiwiaXNzIjoia2F0YWxvbi1hdXRoIn0.eWnhwDtZR1vdDBbVZBCJ2Pv1DmOhyC3CJMtUroSlMQtFbhu1rAgzWJ0_k18Pc_iuxexEoYJUj2Hhcj4qhLeL6gG9COlxUk8fczpMMf9qAzijZrpw2NBqdk-iUbubirzpjZ3z2ssmbH-SJq5nwujMsWDmQb4E8QqP894ZipRNfo-T7hsteNqbEnGzSdy7kmRQsiVxSVowo-y8A3vXB2ea0XLLDGqgWgP_UZ6sliZwOEbcZGS_wKtLqi0pgTaGAIJO2w6S2pz1vIKc2XzkzOQuR55RqZZJn2Yk11OhozLKXVl97nBFZDskhbADTVfCwh104sFBN9hVPUECUu_3Zeq4sQ&quot;,
    &quot;organizationId&quot;: &quot;152796&quot;,
    &quot;userId&quot;: 762100,
    &quot;username&quot;: &quot;an.le@katalon.com&quot;,
    &quot;usingTunnel&quot;: false
  },
  &quot;moz:accessibilityChecks&quot;: false,
  &quot;moz:buildID&quot;: &quot;20210927210923&quot;,
  &quot;moz:geckodriverVersion&quot;: &quot;0.30.0&quot;,
  &quot;moz:headless&quot;: false,
  &quot;moz:processID&quot;: 168,
  &quot;moz:profile&quot;: &quot;/tmp/rust_mozprofileGV0bZh&quot;,
  &quot;moz:shutdownTimeout&quot;: 60000,
  &quot;moz:useNonSpecCompliantPointerOrigin&quot;: false,
  &quot;moz:webdriverClick&quot;: true,
  &quot;pageLoadStrategy&quot;: &quot;normal&quot;,
  &quot;platform&quot;: &quot;LINUX&quot;,
  &quot;platformName&quot;: &quot;LINUX&quot;,
  &quot;platformVersion&quot;: &quot;5.10.68&quot;,
  &quot;proxy&quot;: {
    &quot;proxyType&quot;: &quot;DIRECT&quot;,
    &quot;autodetect&quot;: false
  },
  &quot;se:vnc&quot;: &quot;ws://172.48.73.165:4444/session/f0f3671a-f0f7-4fee-96be-8914776f4865/se/vnc&quot;,
  &quot;se:vncEnabled&quot;: true,
  &quot;se:vncLocalAddress&quot;: &quot;ws://172.48.73.165:7900&quot;,
  &quot;setWindowRect&quot;: true,
  &quot;strictFileInteractability&quot;: false,
  &quot;timeouts&quot;: {
    &quot;implicit&quot;: 0,
    &quot;pageLoad&quot;: 300000,
    &quot;script&quot;: 30000
  },
  &quot;unhandledPromptBehavior&quot;: &quot;dismiss and notify&quot;
}"/>
         <property name="os" value="Mac OS X 64bit"/>
         <property name="remoteOS" value="Linux"/>
         <property name="katalonVersion" value="8.2.5.208"/>
         <property name="browser" value="Firefox 93.0"/>
         <property name="hostAddress" value="127.0.0.1"/>
         <property name="sessionId" value="f0f3671a-f0f7-4fee-96be-8914776f4865"/>
         <property name="seleniumVersion" value="3.141.59"/>
         <property name="proxyInformation" value="ProxyInformation { proxyOption=NO_PROXY, proxyServerType=HTTP, username=, password=********, proxyServerAddress=, proxyServerPort=0, executionList=&quot;&quot;, isApplyToDesiredCapabilities=true }"/>
         <property name="platform" value="Mac OS X"/>
      </properties>
      <testcase name="Test Cases/Smart Await" time="59.942" classname="Test Cases/Smart Await" status="PASSED">
         <system-out><![CDATA[2022-01-27 19:41:52 - [TEST_CASE][PASSED] - Test Cases/Smart Await: Test Cases/Smart Await

2022-01-27 19:41:53 - [TEST_STEP][PASSED] - openBrowser(""): Browser is opened with url: ''

2022-01-27 19:41:54 - [MESSAGE][INFO] - User set preference: ['os', 'linux']

2022-01-27 19:41:54 - [MESSAGE][INFO] - User set preference: ['browserName', 'firefox']

2022-01-27 19:41:54 - [MESSAGE][INFO] - User set preference: ['browserVersion', '93']

2022-01-27 19:41:54 - [MESSAGE][INFO] - User set preference: ['katalon:option', '{organizationId=152796, tunnelId=, usingTunnel=false}']

2022-01-27 19:41:54 - [MESSAGE][INFO] - Connecting to remote web server 'testcloud.katalon.com/hub' with type 'Selenium'

2022-01-27 19:41:54 - [MESSAGE][INFO] - Action delay is set to 0 milliseconds

2022-01-27 19:42:38 - [MESSAGE][PASSED] - Browser is opened with url: ''

2022-01-27 19:42:38 - [TEST_STEP][PASSED] - navigateToUrl("https://testcloud-smart-await.dev.katalon.com/"): Navigate to 'https://testcloud-smart-await.dev.katalon.com/' successfully

2022-01-27 19:42:39 - [MESSAGE][PASSED] - Navigate to 'https://testcloud-smart-await.dev.katalon.com/' successfully

2022-01-27 19:42:39 - [TEST_STEP][PASSED] - click(findTestObject("Object Repository/Page_tc-smart-await - 1.0.0-SNAPSHOT/button_Button")): Object: 'Object Repository/Page_tc-smart-await - 1.0.0-SNAPSHOT/button_Button' is clicked on

2022-01-27 19:42:42 - [MESSAGE][PASSED] - Object: 'Object Repository/Page_tc-smart-await - 1.0.0-SNAPSHOT/button_Button' is clicked on

2022-01-27 19:42:42 - [TEST_STEP][PASSED] - verifyTextPresent("Hello RESTEasy", true): Text 'Hello RESTEasy' is present on page  using regular expression

2022-01-27 19:42:51 - [MESSAGE][PASSED] - Text 'Hello RESTEasy' is present on page  using regular expression

2022-01-27 19:42:51 - [TEST_STEP][PASSED] - closeBrowser(): Browser is closed

2022-01-27 19:42:52 - [MESSAGE][PASSED] - Browser is closed]]></system-out>
         <system-err><![CDATA[]]></system-err>
      </testcase>
      <system-out><![CDATA[2022-01-27 19:41:48 - [TEST_SUITE][PASSED] - Smart Wait Regression: Test Cases/Smart Await]]></system-out>
      <system-err><![CDATA[]]></system-err>
   </testsuite>
</testsuites>
