<?xml version="1.0" encoding="UTF-8"?>
<testsuites name="New Test Suite" time="0.99" tests="1" failures="0" errors="0">
   <testsuite name="New Test Suite" tests="1" failures="0" errors="0" time="0.99" skipped="0" timestamp="2022-02-16 17:10:32" hostname="anle - localhost" id="Test Suites/New Test Suite">
      <properties>
         <property name="deviceName" value=""/>
         <property name="devicePlatform" value=""/>
         <property name="logFolder" value="/Users/anle/Projects/TestCloud/Testing/smart-wait-example-tests/Reports/20220216_171021/New Test Suite/20220216_171021"/>
         <property name="logFiles" value="/Users/anle/Projects/TestCloud/Testing/smart-wait-example-tests/Reports/20220216_171021/New Test Suite/20220216_171021/execution0.log"/>
         <property name="attachments" value=""/>
         <property name="hostName" value="anle - localhost"/>
         <property name="hostAddress" value="127.0.0.1"/>
         <property name="os" value="Mac OS X 64bit"/>
         <property name="katalonVersion" value="8.2.5.208"/>
      </properties>
      <testcase name="Test Cases/Apply Specific Elementsts - Verify AJAX Text Present" time="0.656" classname="Test Cases/Apply Specific Elementsts - Verify AJAX Text Present" status="INCOMPLETE">
         <system-out><![CDATA[2022-02-16 17:10:33 - [TEST_CASE][INCOMPLETE] - Test Cases/Apply Specific Elementsts - Verify AJAX Text Present: null

2022-02-16 17:10:33 - [TEST_STEP][PASSED] - comment("If you want to use Smart Wait function for certain test elements only, it's important that you disable Default Smart Wait in Project Settings."): If you want to use Smart Wait function for certain test elements only, it's important that you disable Default Smart Wait in Project Settings.

2022-02-16 17:10:33 - [MESSAGE][INFO] - If you want to use Smart Wait function for certain test elements only, it's important that you disable Default Smart Wait in Project Settings.

2022-02-16 17:10:33 - [TEST_STEP][INCOMPLETE] - openBrowser(""): Action delay is set to 0 milliseconds

2022-02-16 17:10:33 - [MESSAGE][INFO] - User set preference: ['browserName', 'chrome']

2022-02-16 17:10:33 - [MESSAGE][INFO] - User set preference: ['katalon:option', '{usingTunnel=false, organizationId=152796}']

2022-02-16 17:10:33 - [MESSAGE][INFO] - User set preference: ['browserVersion', '98']

2022-02-16 17:10:33 - [MESSAGE][INFO] - User set preference: ['platformName', 'WINDOWS']

2022-02-16 17:10:33 - [MESSAGE][INFO] - Connecting to remote web server 'testcloud-sandbox.dev.katalon.com/hub' with type 'Selenium'

2022-02-16 17:10:33 - [MESSAGE][INFO] - Action delay is set to 0 milliseconds]]></system-out>
         <system-err><![CDATA[2022-02-16 17:10:33 - [TEST_CASE][INCOMPLETE] - Test Cases/Apply Specific Elementsts - Verify AJAX Text Present: null]]></system-err>
      </testcase>
      <system-out><![CDATA[2022-02-16 17:10:32 - [TEST_SUITE][INCOMPLETE] - New Test Suite: null]]></system-out>
      <system-err><![CDATA[2022-02-16 17:10:32 - [TEST_SUITE][INCOMPLETE] - New Test Suite: null]]></system-err>
   </testsuite>
</testsuites>
