<?xml version="1.0" encoding="UTF-8"?>
<testsuites name="New Test Suite" time="60.138" tests="1" failures="0" errors="0">
   <testsuite name="New Test Suite" tests="1" failures="0" errors="0" time="60.138" skipped="0" timestamp="2022-04-01 07:22:33" hostname="anle - localhost" id="Test Suites/New Test Suite">
      <properties>
         <property name="deviceName" value=""/>
         <property name="devicePlatform" value=""/>
         <property name="logFolder" value="/Users/anle/Projects/TestCloud/Testing/smart-wait-example-tests/Reports/20220401_072231/New Test Suite/20220401_072231"/>
         <property name="logFiles" value="/Users/anle/Projects/TestCloud/Testing/smart-wait-example-tests/Reports/20220401_072231/New Test Suite/20220401_072231/execution0.log"/>
         <property name="attachments" value=""/>
         <property name="hostName" value="anle - localhost"/>
         <property name="remoteDriverUrl" value="testcloud.dev.katalon.com/hub"/>
         <property name="desiredCapabilities" value="{
  &quot;acceptInsecureCerts&quot;: false,
  &quot;browserName&quot;: &quot;chrome&quot;,
  &quot;browserVersion&quot;: &quot;94.0.4606.81&quot;,
  &quot;chrome&quot;: {
    &quot;chromedriverVersion&quot;: &quot;94.0.4606.113 (9d935b6bb55ebbb1d06628ea2b6b0c812db527f4-refs/branch-heads/4606@{#1424})&quot;,
    &quot;userDataDir&quot;: &quot;/tmp/.com.google.Chrome.CmKDLZ&quot;
  },
  &quot;goog:chromeOptions&quot;: {
    &quot;debuggerAddress&quot;: &quot;localhost:36735&quot;
  },
  &quot;javascriptEnabled&quot;: true,
  &quot;katalon:option&quot;: {
    &quot;organizationId&quot;: &quot;278472&quot;,
    &quot;unlimitedExecutionMinutes&quot;: false,
    &quot;jwt&quot;: &quot;eyJ0eXAiOiJKV1QiLCJhbGciOiJSUzI1NiJ9.eyJzdWIiOiJuaGkubHlAa2F0YWxvbi5jb20iLCJ1cG4iOiI0ODg1MjEiLCJncm91cHMiOlsiVVNFUiJdLCJzdGF0dXMiOiJWRVJJRklFRCIsImdpdmVuX25hbWUiOiIiLCJmYW1pbHlfbmFtZSI6IiIsImVtYWlsIjoibmhpLmx5QGthdGFsb24uY29tIiwiZW1haWxfdmVyaWZpZWQiOnRydWUsImNyZWF0ZWRfYXQiOjE2MzQwMTM4NDYsInVwZGF0ZWRfYXQiOjE2NDg3MTY5MDAsImFtciI6WyJwd2QiXSwiaWF0IjoxNjQ4NzE2OTEwLCJleHAiOjE2NDkzMjE3MTAsImp0aSI6ImU0YTVkZDhjLTE0MTgtNDQwYy04M2E5LTAxMWI0MGQ5ZWQ2YSIsImlzcyI6ImthdGFsb24tYXV0aCJ9.cEtxs1xEcgtbklYLWmRGSX5ha9gbFQ0oBXy0sV6PFlRZJtLSUJep5R5Q829483LtAWp-3P3p-D1e62-a4o2x96jM8hu-HmNjUR-CTis13ux7_l9aXF7KZwK42JRncuz4RRhDLFq8QmDmiO3GYGUzkeXiP6vuneh9cwRCQMr30VpIfW2OzRpUArcNu2AxKwL7KIrCRxWSNqNGg_upjzYCNRz_x-MFxIDz23VGamxE7NOLlhAYImzHBaIeMflhZrjsdZJWE1lFun-_aaRuQfaMaIPC4_2CEozeqYV3DNG54bczAsSBuni1YsWA0mDUrentq7WwzWgPswTdweASsA3opA&quot;,
    &quot;class&quot;: &quot;com.katalon.testcloud.grid.common.tunnel.domain.UserOptionCapability&quot;,
    &quot;userId&quot;: 488521,
    &quot;usingTunnel&quot;: false,
    &quot;username&quot;: &quot;nhi.ly@katalon.com&quot;
  },
  &quot;networkConnectionEnabled&quot;: false,
  &quot;os&quot;: &quot;linux&quot;,
  &quot;pageLoadStrategy&quot;: &quot;normal&quot;,
  &quot;platform&quot;: &quot;LINUX&quot;,
  &quot;platformName&quot;: &quot;LINUX&quot;,
  &quot;proxy&quot;: {
    &quot;proxyType&quot;: &quot;DIRECT&quot;,
    &quot;autodetect&quot;: false
  },
  &quot;requestId&quot;: &quot;eaa99b21-7be1-4002-a077-a8ebfcc76af8&quot;,
  &quot;se:cdp&quot;: &quot;ws://172.41.3.204:4444/session/55d8bdacad2b36a58f6d0f5312888f79/se/cdp&quot;,
  &quot;se:cdpVersion&quot;: &quot;94.0.4606.81&quot;,
  &quot;se:vnc&quot;: &quot;ws://172.41.3.204:4444/session/55d8bdacad2b36a58f6d0f5312888f79/se/vnc&quot;,
  &quot;se:vncEnabled&quot;: true,
  &quot;se:vncLocalAddress&quot;: &quot;ws://172.41.3.204:7900&quot;,
  &quot;setWindowRect&quot;: true,
  &quot;strictFileInteractability&quot;: false,
  &quot;timeouts&quot;: {
    &quot;implicit&quot;: 0,
    &quot;pageLoad&quot;: 300000,
    &quot;script&quot;: 30000
  },
  &quot;unhandledPromptBehavior&quot;: &quot;dismiss and notify&quot;,
  &quot;webauthn:extension:credBlob&quot;: true,
  &quot;webauthn:extension:largeBlob&quot;: true,
  &quot;webauthn:virtualAuthenticators&quot;: true
}"/>
         <property name="os" value="Mac OS X 64bit"/>
         <property name="remoteOS" value="Linux"/>
         <property name="katalonVersion" value="8.2.5.208"/>
         <property name="browser" value="Chrome 94.0.4606.81"/>
         <property name="hostAddress" value="127.0.0.1"/>
         <property name="sessionId" value="55d8bdacad2b36a58f6d0f5312888f79"/>
         <property name="seleniumVersion" value="3.141.59"/>
         <property name="proxyInformation" value="ProxyInformation { proxyOption=NO_PROXY, proxyServerType=SOCKS, username=, password=********, proxyServerAddress=localhost, proxyServerPort=8080, executionList=&quot;&quot;, isApplyToDesiredCapabilities=true }"/>
         <property name="platform" value="Mac OS X"/>
      </properties>
      <testcase name="Test Cases/New Test Case" time="59.817" classname="Test Cases/New Test Case" status="PASSED">
         <system-out><![CDATA[2022-04-01 07:22:34 - [TEST_CASE][PASSED] - Test Cases/New Test Case: Test Cases/New Test Case

2022-04-01 07:22:34 - [TEST_STEP][PASSED] - openBrowser(""): Browser is opened with url: ''

2022-04-01 07:22:34 - [MESSAGE][INFO] - User set preference: ['os', 'linux']

2022-04-01 07:22:34 - [MESSAGE][INFO] - User set preference: ['browserName', 'chrome']

2022-04-01 07:22:34 - [MESSAGE][INFO] - User set preference: ['browserVersion', '94']

2022-04-01 07:22:34 - [MESSAGE][INFO] - User set preference: ['katalon:option', '{organizationId=278472, tunnelId=, usingTunnel=false}']

2022-04-01 07:22:34 - [MESSAGE][INFO] - Connecting to remote web server 'testcloud.dev.katalon.com/hub' with type 'Selenium'

2022-04-01 07:22:34 - [MESSAGE][INFO] - Action delay is set to 0 milliseconds

2022-04-01 07:23:19 - [MESSAGE][PASSED] - Browser is opened with url: ''

2022-04-01 07:23:19 - [TEST_STEP][PASSED] - navigateToUrl("https://hosrem.zamo.io/user/login"): Navigate to 'https://hosrem.zamo.io/user/login' successfully

2022-04-01 07:23:23 - [MESSAGE][PASSED] - Navigate to 'https://hosrem.zamo.io/user/login' successfully

2022-04-01 07:23:23 - [TEST_STEP][PASSED] - setText(findTestObject("Object Repository/Page_ng nhp - HOSREM/input_ng nhp_username"), "admin@hosrem.org.vn"): Text 'admin@hosrem.org.vn' is set on object 'Object Repository/Page_ng nhp - HOSREM/input_ng nhp_username'

2022-04-01 07:23:26 - [MESSAGE][PASSED] - Text 'admin@hosrem.org.vn' is set on object 'Object Repository/Page_ng nhp - HOSREM/input_ng nhp_username'

2022-04-01 07:23:26 - [TEST_STEP][PASSED] - setEncryptedText(findTestObject("Object Repository/Page_ng nhp - HOSREM/input_ng nhp_password"), "lRjbE94itQ2P5Nq77tCtDw=="): Text ****** has been set on object 'Object Repository/Page_ng nhp - HOSREM/input_ng nhp_password'

2022-04-01 07:23:28 - [MESSAGE][PASSED] - Text ****** has been set on object 'Object Repository/Page_ng nhp - HOSREM/input_ng nhp_password'

2022-04-01 07:23:28 - [TEST_STEP][PASSED] - click(findTestObject("Object Repository/Page_ng nhp - HOSREM/button_ng nhp")): Object: 'Object Repository/Page_ng nhp - HOSREM/button_ng nhp' is clicked on

2022-04-01 07:23:30 - [MESSAGE][PASSED] - Object: 'Object Repository/Page_ng nhp - HOSREM/button_ng nhp' is clicked on

2022-04-01 07:23:30 - [TEST_STEP][PASSED] - verifyElementText(findTestObject("Object Repository/Page_Hi ngh - HOSREM/span_Danh sch hi ngh"), "Danh sách hội nghị"): Actual text and expected text of test object 'Object Repository/Page_Hi ngh - HOSREM/span_Danh sch hi ngh' are matched.

2022-04-01 07:23:32 - [MESSAGE][PASSED] - Actual text and expected text of test object 'Object Repository/Page_Hi ngh - HOSREM/span_Danh sch hi ngh' are matched.

2022-04-01 07:23:32 - [TEST_STEP][PASSED] - closeBrowser(): Browser is closed

2022-04-01 07:23:34 - [MESSAGE][PASSED] - Browser is closed]]></system-out>
         <system-err><![CDATA[]]></system-err>
      </testcase>
      <system-out><![CDATA[2022-04-01 07:22:33 - [TEST_SUITE][PASSED] - New Test Suite: Test Cases/New Test Case]]></system-out>
      <system-err><![CDATA[]]></system-err>
   </testsuite>
</testsuites>
