<?xml version="1.0" encoding="UTF-8"?>
<testsuites name="New Test Suite" time="51.767" tests="1" failures="0" errors="0">
   <testsuite name="New Test Suite" tests="1" failures="0" errors="0" time="51.767" skipped="0" timestamp="2022-04-06 14:36:45" hostname="anle - 10.0.0.38" id="Test Suites/New Test Suite">
      <properties>
         <property name="deviceName" value=""/>
         <property name="devicePlatform" value=""/>
         <property name="logFolder" value="/Users/anle/Projects/TestCloud/Testing/smart-wait-example-tests/Reports/20220406_143638/New Test Suite/20220406_143638"/>
         <property name="logFiles" value="/Users/anle/Projects/TestCloud/Testing/smart-wait-example-tests/Reports/20220406_143638/New Test Suite/20220406_143638/execution0.log"/>
         <property name="attachments" value=""/>
         <property name="hostName" value="anle - 10.0.0.38"/>
         <property name="remoteDriverUrl" value="testcloud.katalon.com/hub"/>
         <property name="desiredCapabilities" value="{
  &quot;acceptInsecureCerts&quot;: false,
  &quot;browserName&quot;: &quot;chrome&quot;,
  &quot;browserVersion&quot;: &quot;99.0.4844.51&quot;,
  &quot;chrome&quot;: {
    &quot;chromedriverVersion&quot;: &quot;99.0.4844.51 (d537ec02474b5afe23684e7963d538896c63ac77-refs/branch-heads/4844@{#875})&quot;,
    &quot;userDataDir&quot;: &quot;/tmp/.com.google.Chrome.7zqPNA&quot;
  },
  &quot;goog:chromeOptions&quot;: {
    &quot;debuggerAddress&quot;: &quot;localhost:39553&quot;
  },
  &quot;javascriptEnabled&quot;: true,
  &quot;katalon:option&quot;: {
    &quot;organizationId&quot;: &quot;575235&quot;,
    &quot;unlimitedExecutionMinutes&quot;: false,
    &quot;apiKey&quot;: &quot;3645e213-fb29-4171-9f26-47ab5c99ddb0&quot;,
    &quot;jwt&quot;: &quot;eyJ0eXAiOiJKV1QiLCJhbGciOiJSUzI1NiJ9.eyJzdWIiOiJhbi5sZUBrYXRhbG9uLmNvbSIsInVwbiI6Ijc2MjEwMCIsImdyb3VwcyI6WyJVU0VSIl0sInN0YXR1cyI6IlZFUklGSUVEIiwiZ2l2ZW5fbmFtZSI6IkFuIiwiZmFtaWx5X25hbWUiOiJMZSIsImVtYWlsIjoiYW4ubGVAa2F0YWxvbi5jb20iLCJlbWFpbF92ZXJpZmllZCI6dHJ1ZSwiY3JlYXRlZF9hdCI6MTYzMTI2OTcwMSwidXBkYXRlZF9hdCI6MTY0OTIyMDc2MSwiYW1yIjpbInB3ZCJdLCJpYXQiOjE2NDkyMjA3OTEsImV4cCI6MTY0OTgyNTU5MSwianRpIjoiY2JlNzkyMDEtN2JlMi00MjYxLTkyY2YtNTMzMDcyNWFlY2UwIiwiaXNzIjoia2F0YWxvbi1hdXRoIn0.UvYbi5-cpEk41OdVPUA0wxFYwHN149KjnrH-jKxBqxexFjVol_GC9J2_YSUpExNMIUbW6hZOBDHrkVcGiOKjm6u0hgnfzUJGl6EGTZvVMFhkG7OKMOBSF21azrsBjsFPKtwV5GG-9wlLC0ImdDu06dDs2w_038-cBX24P08RTn6tnPUuR85uLnhu_LLQo2tPWuxVV6kF0qus9T3YPxaBq4myCyDad2OIgYg32Kz28YzO_mtc0ne51cq6qw1MIadANS3NApkh7m7KRv13ezfUMZoAyr9mqfcQ2C2H6zcVUIwe6btC8Z0h5kvJF7KGLxEw_Xjcpy8R1-7R_qKcRyFC9Q&quot;,
    &quot;secret&quot;: &quot;69a0611c8abe488a3978d461271ed892dba4e19f&quot;,
    &quot;class&quot;: &quot;com.katalon.testcloud.grid.common.tunnel.domain.UserOptionCapability&quot;,
    &quot;userId&quot;: 762100,
    &quot;tenant&quot;: &quot;KatalonStudio&quot;,
    &quot;usingTunnel&quot;: true,
    &quot;username&quot;: &quot;an.le@katalon.com&quot;,
    &quot;group&quot;: &quot;f5a8eae6-126a-4b9f-b3f2-7b0e224b154b&quot;
  },
  &quot;networkConnectionEnabled&quot;: false,
  &quot;os&quot;: &quot;linux&quot;,
  &quot;pageLoadStrategy&quot;: &quot;normal&quot;,
  &quot;platform&quot;: &quot;LINUX&quot;,
  &quot;platformName&quot;: &quot;LINUX&quot;,
  &quot;proxy&quot;: {
    &quot;proxyType&quot;: &quot;PAC&quot;,
    &quot;autodetect&quot;: false,
    &quot;proxyAutoconfigUrl&quot;: &quot;http://tunnel-manager-internal.katalon.com/pac/17cd2eca-e948-4ed5-8e57-c62d08f39893.pac&quot;
  },
  &quot;requestId&quot;: &quot;3b2b1bbf-b8fa-410a-af2e-d74e8cae7289&quot;,
  &quot;se:cdp&quot;: &quot;ws://172.48.37.39:4444/session/b376b32a38ba65d028923ab39bc50b17/se/cdp&quot;,
  &quot;se:cdpVersion&quot;: &quot;99.0.4844.51&quot;,
  &quot;se:vnc&quot;: &quot;ws://172.48.37.39:4444/session/b376b32a38ba65d028923ab39bc50b17/se/vnc&quot;,
  &quot;se:vncEnabled&quot;: true,
  &quot;se:vncLocalAddress&quot;: &quot;ws://172.48.37.39:7900&quot;,
  &quot;setWindowRect&quot;: true,
  &quot;strictFileInteractability&quot;: false,
  &quot;timeouts&quot;: {
    &quot;implicit&quot;: 0,
    &quot;pageLoad&quot;: 300000,
    &quot;script&quot;: 30000
  },
  &quot;unhandledPromptBehavior&quot;: &quot;dismiss and notify&quot;,
  &quot;webauthn:extension:credBlob&quot;: true,
  &quot;webauthn:extension:largeBlob&quot;: true,
  &quot;webauthn:virtualAuthenticators&quot;: true
}"/>
         <property name="os" value="Mac OS X 64bit"/>
         <property name="remoteOS" value="Linux"/>
         <property name="katalonVersion" value="8.2.5.208"/>
         <property name="browser" value="Chrome 99.0.4844.51"/>
         <property name="hostAddress" value="10.0.0.38"/>
         <property name="sessionId" value="b376b32a38ba65d028923ab39bc50b17"/>
         <property name="seleniumVersion" value="3.141.59"/>
         <property name="proxyInformation" value="ProxyInformation { proxyOption=NO_PROXY, proxyServerType=SOCKS, username=, password=********, proxyServerAddress=localhost, proxyServerPort=8080, executionList=&quot;&quot;, isApplyToDesiredCapabilities=true }"/>
         <property name="platform" value="Mac OS X"/>
      </properties>
      <testcase name="Test Cases/New Test Case" time="50.644" classname="Test Cases/New Test Case" status="PASSED">
         <system-out><![CDATA[2022-04-06 14:36:46 - [TEST_CASE][PASSED] - Test Cases/New Test Case: Test Cases/New Test Case

2022-04-06 14:36:47 - [TEST_STEP][PASSED] - openBrowser(""): Browser is opened with url: ''

2022-04-06 14:36:48 - [MESSAGE][INFO] - User set preference: ['os', 'linux']

2022-04-06 14:36:48 - [MESSAGE][INFO] - User set preference: ['browserName', 'chrome']

2022-04-06 14:36:48 - [MESSAGE][INFO] - User set preference: ['browserVersion', '99']

2022-04-06 14:36:48 - [MESSAGE][INFO] - User set preference: ['katalon:option', '{organizationId=575235, tunnelId=17cd2eca-e948-4ed5-8e57-c62d08f39893, usingTunnel=true}']

2022-04-06 14:36:48 - [MESSAGE][INFO] - Connecting to remote web server 'testcloud.katalon.com/hub' with type 'Selenium'

2022-04-06 14:36:49 - [MESSAGE][INFO] - Action delay is set to 0 milliseconds

2022-04-06 14:37:19 - [MESSAGE][PASSED] - Browser is opened with url: ''

2022-04-06 14:37:19 - [TEST_STEP][PASSED] - navigateToUrl("https://hosrem.zamo.io/user/login"): Navigate to 'https://hosrem.zamo.io/user/login' successfully

2022-04-06 14:37:26 - [MESSAGE][PASSED] - Navigate to 'https://hosrem.zamo.io/user/login' successfully

2022-04-06 14:37:26 - [TEST_STEP][PASSED] - setText(findTestObject("Object Repository/Page_ng nhp - HOSREM/input_ng nhp_username"), "admin@hosrem.org.vn"): Text 'admin@hosrem.org.vn' is set on object 'Object Repository/Page_ng nhp - HOSREM/input_ng nhp_username'

2022-04-06 14:37:29 - [MESSAGE][PASSED] - Text 'admin@hosrem.org.vn' is set on object 'Object Repository/Page_ng nhp - HOSREM/input_ng nhp_username'

2022-04-06 14:37:29 - [TEST_STEP][PASSED] - setEncryptedText(findTestObject("Object Repository/Page_ng nhp - HOSREM/input_ng nhp_password"), "lRjbE94itQ2P5Nq77tCtDw=="): Text ****** has been set on object 'Object Repository/Page_ng nhp - HOSREM/input_ng nhp_password'

2022-04-06 14:37:31 - [MESSAGE][PASSED] - Text ****** has been set on object 'Object Repository/Page_ng nhp - HOSREM/input_ng nhp_password'

2022-04-06 14:37:31 - [TEST_STEP][PASSED] - click(findTestObject("Object Repository/Page_ng nhp - HOSREM/button_ng nhp")): Object: 'Object Repository/Page_ng nhp - HOSREM/button_ng nhp' is clicked on

2022-04-06 14:37:32 - [MESSAGE][PASSED] - Object: 'Object Repository/Page_ng nhp - HOSREM/button_ng nhp' is clicked on

2022-04-06 14:37:32 - [TEST_STEP][PASSED] - verifyElementText(findTestObject("Object Repository/Page_Hi ngh - HOSREM/span_Danh sch hi ngh"), "Danh sách hội nghị"): Actual text and expected text of test object 'Object Repository/Page_Hi ngh - HOSREM/span_Danh sch hi ngh' are matched.

2022-04-06 14:37:36 - [MESSAGE][PASSED] - Actual text and expected text of test object 'Object Repository/Page_Hi ngh - HOSREM/span_Danh sch hi ngh' are matched.

2022-04-06 14:37:36 - [TEST_STEP][PASSED] - closeBrowser(): Browser is closed

2022-04-06 14:37:37 - [MESSAGE][PASSED] - Browser is closed]]></system-out>
         <system-err><![CDATA[]]></system-err>
      </testcase>
      <system-out><![CDATA[2022-04-06 14:36:45 - [TEST_SUITE][PASSED] - New Test Suite: Test Cases/New Test Case]]></system-out>
      <system-err><![CDATA[]]></system-err>
   </testsuite>
</testsuites>
