<?xml version="1.0" encoding="UTF-8"?>
<testsuites name="New Test Suite" time="49.998" tests="1" failures="0" errors="0">
   <testsuite name="New Test Suite" tests="1" failures="0" errors="0" time="49.998" skipped="0" timestamp="2022-04-06 12:05:15" hostname="anle - localhost" id="Test Suites/New Test Suite">
      <properties>
         <property name="deviceName" value=""/>
         <property name="devicePlatform" value=""/>
         <property name="logFolder" value="/Users/anle/Projects/TestCloud/Testing/smart-wait-example-tests/Reports/20220406_120510/New Test Suite/20220406_120510"/>
         <property name="logFiles" value="/Users/anle/Projects/TestCloud/Testing/smart-wait-example-tests/Reports/20220406_120510/New Test Suite/20220406_120510/execution0.log"/>
         <property name="attachments" value=""/>
         <property name="hostName" value="anle - localhost"/>
         <property name="remoteDriverUrl" value="testcloud.katalon.com/hub"/>
         <property name="desiredCapabilities" value="{
  &quot;acceptInsecureCerts&quot;: false,
  &quot;browserName&quot;: &quot;chrome&quot;,
  &quot;browserVersion&quot;: &quot;99.0.4844.51&quot;,
  &quot;chrome&quot;: {
    &quot;chromedriverVersion&quot;: &quot;99.0.4844.51 (d537ec02474b5afe23684e7963d538896c63ac77-refs/branch-heads/4844@{#875})&quot;,
    &quot;userDataDir&quot;: &quot;/tmp/.com.google.Chrome.g58Piz&quot;
  },
  &quot;goog:chromeOptions&quot;: {
    &quot;debuggerAddress&quot;: &quot;localhost:39383&quot;
  },
  &quot;javascriptEnabled&quot;: true,
  &quot;katalon:option&quot;: {
    &quot;organizationId&quot;: &quot;152796&quot;,
    &quot;unlimitedExecutionMinutes&quot;: false,
    &quot;jwt&quot;: &quot;eyJ0eXAiOiJKV1QiLCJhbGciOiJSUzI1NiJ9.eyJzdWIiOiJhbi5sZUBrYXRhbG9uLmNvbSIsInVwbiI6Ijc2MjEwMCIsImdyb3VwcyI6WyJVU0VSIl0sInN0YXR1cyI6IlZFUklGSUVEIiwiZ2l2ZW5fbmFtZSI6IkFuIiwiZmFtaWx5X25hbWUiOiJMZSIsImVtYWlsIjoiYW4ubGVAa2F0YWxvbi5jb20iLCJlbWFpbF92ZXJpZmllZCI6dHJ1ZSwiY3JlYXRlZF9hdCI6MTYzMTI2OTcwMSwidXBkYXRlZF9hdCI6MTY0OTIyMDc2MSwiYW1yIjpbInB3ZCJdLCJpYXQiOjE2NDkyMjA3OTEsImV4cCI6MTY0OTgyNTU5MSwianRpIjoiY2JlNzkyMDEtN2JlMi00MjYxLTkyY2YtNTMzMDcyNWFlY2UwIiwiaXNzIjoia2F0YWxvbi1hdXRoIn0.UvYbi5-cpEk41OdVPUA0wxFYwHN149KjnrH-jKxBqxexFjVol_GC9J2_YSUpExNMIUbW6hZOBDHrkVcGiOKjm6u0hgnfzUJGl6EGTZvVMFhkG7OKMOBSF21azrsBjsFPKtwV5GG-9wlLC0ImdDu06dDs2w_038-cBX24P08RTn6tnPUuR85uLnhu_LLQo2tPWuxVV6kF0qus9T3YPxaBq4myCyDad2OIgYg32Kz28YzO_mtc0ne51cq6qw1MIadANS3NApkh7m7KRv13ezfUMZoAyr9mqfcQ2C2H6zcVUIwe6btC8Z0h5kvJF7KGLxEw_Xjcpy8R1-7R_qKcRyFC9Q&quot;,
    &quot;class&quot;: &quot;com.katalon.testcloud.grid.common.tunnel.domain.UserOptionCapability&quot;,
    &quot;userId&quot;: 762100,
    &quot;usingTunnel&quot;: false,
    &quot;username&quot;: &quot;an.le@katalon.com&quot;
  },
  &quot;networkConnectionEnabled&quot;: false,
  &quot;pageLoadStrategy&quot;: &quot;normal&quot;,
  &quot;platform&quot;: &quot;LINUX&quot;,
  &quot;platformName&quot;: &quot;LINUX&quot;,
  &quot;proxy&quot;: {
    &quot;proxyType&quot;: &quot;DIRECT&quot;,
    &quot;autodetect&quot;: false
  },
  &quot;requestId&quot;: &quot;efabf0b7-b9c6-4788-b0dc-786cc288c3b4&quot;,
  &quot;se:cdp&quot;: &quot;ws://172.48.35.133:4444/session/e3f76294a86d3b40b9296a1d8a7f16f6/se/cdp&quot;,
  &quot;se:cdpVersion&quot;: &quot;99.0.4844.51&quot;,
  &quot;se:vnc&quot;: &quot;ws://172.48.35.133:4444/session/e3f76294a86d3b40b9296a1d8a7f16f6/se/vnc&quot;,
  &quot;se:vncEnabled&quot;: true,
  &quot;se:vncLocalAddress&quot;: &quot;ws://172.48.35.133:7900&quot;,
  &quot;setWindowRect&quot;: true,
  &quot;strictFileInteractability&quot;: false,
  &quot;timeouts&quot;: {
    &quot;implicit&quot;: 0,
    &quot;pageLoad&quot;: 300000,
    &quot;script&quot;: 30000
  },
  &quot;unhandledPromptBehavior&quot;: &quot;dismiss and notify&quot;,
  &quot;webauthn:extension:credBlob&quot;: true,
  &quot;webauthn:extension:largeBlob&quot;: true,
  &quot;webauthn:virtualAuthenticators&quot;: true
}"/>
         <property name="os" value="Mac OS X 64bit"/>
         <property name="remoteOS" value="Linux"/>
         <property name="katalonVersion" value="8.2.5.208"/>
         <property name="browser" value="Chrome 99.0.4844.51"/>
         <property name="hostAddress" value="127.0.0.1"/>
         <property name="sessionId" value="e3f76294a86d3b40b9296a1d8a7f16f6"/>
         <property name="seleniumVersion" value="3.141.59"/>
         <property name="proxyInformation" value="ProxyInformation { proxyOption=NO_PROXY, proxyServerType=SOCKS, username=, password=********, proxyServerAddress=localhost, proxyServerPort=8080, executionList=&quot;&quot;, isApplyToDesiredCapabilities=true }"/>
         <property name="platform" value="Mac OS X"/>
      </properties>
      <testcase name="Test Cases/New Test Case" time="49.575" classname="Test Cases/New Test Case" status="PASSED">
         <system-out><![CDATA[2022-04-06 12:05:16 - [TEST_CASE][PASSED] - Test Cases/New Test Case: Test Cases/New Test Case

2022-04-06 12:05:16 - [TEST_STEP][PASSED] - openBrowser(""): Browser is opened with url: ''

2022-04-06 12:05:16 - [MESSAGE][INFO] - User set preference: ['os', 'linux']

2022-04-06 12:05:16 - [MESSAGE][INFO] - User set preference: ['browserName', 'chrome']

2022-04-06 12:05:16 - [MESSAGE][INFO] - User set preference: ['browserVersion', '99']

2022-04-06 12:05:16 - [MESSAGE][INFO] - User set preference: ['katalon:option', '{organizationId=152796, tunnelId=, usingTunnel=false}']

2022-04-06 12:05:16 - [MESSAGE][INFO] - Connecting to remote web server 'testcloud.katalon.com/hub' with type 'Selenium'

2022-04-06 12:05:17 - [MESSAGE][INFO] - Action delay is set to 0 milliseconds

2022-04-06 12:05:51 - [MESSAGE][PASSED] - Browser is opened with url: ''

2022-04-06 12:05:51 - [TEST_STEP][PASSED] - navigateToUrl("https://hosrem.zamo.io/user/login"): Navigate to 'https://hosrem.zamo.io/user/login' successfully

2022-04-06 12:05:56 - [MESSAGE][PASSED] - Navigate to 'https://hosrem.zamo.io/user/login' successfully

2022-04-06 12:05:56 - [TEST_STEP][PASSED] - setText(findTestObject("Object Repository/Page_ng nhp - HOSREM/input_ng nhp_username"), "admin@hosrem.org.vn"): Text 'admin@hosrem.org.vn' is set on object 'Object Repository/Page_ng nhp - HOSREM/input_ng nhp_username'

2022-04-06 12:05:59 - [MESSAGE][PASSED] - Text 'admin@hosrem.org.vn' is set on object 'Object Repository/Page_ng nhp - HOSREM/input_ng nhp_username'

2022-04-06 12:05:59 - [TEST_STEP][PASSED] - setEncryptedText(findTestObject("Object Repository/Page_ng nhp - HOSREM/input_ng nhp_password"), "lRjbE94itQ2P5Nq77tCtDw=="): Text ****** has been set on object 'Object Repository/Page_ng nhp - HOSREM/input_ng nhp_password'

2022-04-06 12:06:01 - [MESSAGE][PASSED] - Text ****** has been set on object 'Object Repository/Page_ng nhp - HOSREM/input_ng nhp_password'

2022-04-06 12:06:01 - [TEST_STEP][PASSED] - click(findTestObject("Object Repository/Page_ng nhp - HOSREM/button_ng nhp")): Object: 'Object Repository/Page_ng nhp - HOSREM/button_ng nhp' is clicked on

2022-04-06 12:06:02 - [MESSAGE][PASSED] - Object: 'Object Repository/Page_ng nhp - HOSREM/button_ng nhp' is clicked on

2022-04-06 12:06:02 - [TEST_STEP][PASSED] - verifyElementText(findTestObject("Object Repository/Page_Hi ngh - HOSREM/span_Danh sch hi ngh"), "Danh sách hội nghị"): Actual text and expected text of test object 'Object Repository/Page_Hi ngh - HOSREM/span_Danh sch hi ngh' are matched.

2022-04-06 12:06:04 - [MESSAGE][PASSED] - Actual text and expected text of test object 'Object Repository/Page_Hi ngh - HOSREM/span_Danh sch hi ngh' are matched.

2022-04-06 12:06:04 - [TEST_STEP][PASSED] - closeBrowser(): Browser is closed

2022-04-06 12:06:05 - [MESSAGE][PASSED] - Browser is closed]]></system-out>
         <system-err><![CDATA[]]></system-err>
      </testcase>
      <system-out><![CDATA[2022-04-06 12:05:15 - [TEST_SUITE][PASSED] - New Test Suite: Test Cases/New Test Case]]></system-out>
      <system-err><![CDATA[]]></system-err>
   </testsuite>
</testsuites>
