<?xml version="1.0" encoding="UTF-8"?>
<testsuites name="New Test Suite" time="44.624" tests="1" failures="0" errors="0">
   <testsuite name="New Test Suite" tests="1" failures="0" errors="0" time="44.624" skipped="0" timestamp="2022-03-31 10:04:54" hostname="anle - 10.10.34.245" id="Test Suites/New Test Suite">
      <properties>
         <property name="deviceName" value=""/>
         <property name="devicePlatform" value=""/>
         <property name="logFolder" value="/Users/anle/Projects/TestCloud/Testing/smart-wait-example-tests/Reports/20220331_100444/New Test Suite/20220331_100444"/>
         <property name="logFiles" value="/Users/anle/Projects/TestCloud/Testing/smart-wait-example-tests/Reports/20220331_100444/New Test Suite/20220331_100444/execution0.log"/>
         <property name="attachments" value=""/>
         <property name="hostName" value="anle - 10.10.34.245"/>
         <property name="remoteDriverUrl" value="testcloud.dev.katalon.com/hub"/>
         <property name="desiredCapabilities" value="{
  &quot;acceptInsecureCerts&quot;: false,
  &quot;browserName&quot;: &quot;chrome&quot;,
  &quot;browserVersion&quot;: &quot;94.0.4606.81&quot;,
  &quot;chrome&quot;: {
    &quot;chromedriverVersion&quot;: &quot;94.0.4606.113 (9d935b6bb55ebbb1d06628ea2b6b0c812db527f4-refs/branch-heads/4606@{#1424})&quot;,
    &quot;userDataDir&quot;: &quot;/tmp/.com.google.Chrome.qjpkT9&quot;
  },
  &quot;goog:chromeOptions&quot;: {
    &quot;debuggerAddress&quot;: &quot;localhost:46145&quot;
  },
  &quot;javascriptEnabled&quot;: true,
  &quot;katalon:option&quot;: {
    &quot;organizationId&quot;: &quot;152796&quot;,
    &quot;unlimitedExecutionMinutes&quot;: false,
    &quot;jwt&quot;: &quot;eyJ0eXAiOiJKV1QiLCJhbGciOiJSUzI1NiJ9.eyJzdWIiOiJhbi5sZUBrYXRhbG9uLmNvbSIsInVwbiI6IjQ4Nzk3OCIsImdyb3VwcyI6WyJVU0VSIl0sInN0YXR1cyI6IlZFUklGSUVEIiwiZ2l2ZW5fbmFtZSI6IiIsImZhbWlseV9uYW1lIjoiIiwiZW1haWwiOiJhbi5sZUBrYXRhbG9uLmNvbSIsImVtYWlsX3ZlcmlmaWVkIjp0cnVlLCJjcmVhdGVkX2F0IjoxNjMxMjcwMjU2LCJ1cGRhdGVkX2F0IjoxNjQ4NjkzMjkxLCJhbXIiOlsicHdkIl0sImlhdCI6MTY0ODY5MzMxOCwiZXhwIjoxNjQ5Mjk4MTE4LCJqdGkiOiIzOTM1NzM4Ni0yNGFkLTRkODgtODk0MS03MDM2NGJjMGYzYjkiLCJpc3MiOiJrYXRhbG9uLWF1dGgifQ.mgz6FMi7de_68VYKKVPU3tsUn2GKBSag4gbDvA2vV_fNUKqbrlDsC1q44baoORah6VqqlG77Cnu2SXB7xjEGHKb_0VfA9ndgj58zN7IGbIqGA_fcvjDzfL2xYk56pmhdVt8l0uYiDKQgdkZ8Fy8UkcafZXItk50LIwowrvWSzUJ3u7_G8rx_yAkRD9VqdQ6lfAVlImUQxH0EkxhfyDxonagE_OTml1v2ZiyrQLJEnuTjxWDv-wUQKagz5yYIglVAxw34HnlEkbIuunT5EA6TaQATU54ukDJIMyXnkbSTySJd_K6-g9XVQXsaHXpykIEsFgXHAKLiBsP4uyAKe07xEQ&quot;,
    &quot;class&quot;: &quot;com.katalon.testcloud.grid.common.tunnel.domain.UserOptionCapability&quot;,
    &quot;userId&quot;: 487978,
    &quot;usingTunnel&quot;: false,
    &quot;username&quot;: &quot;an.le@katalon.com&quot;
  },
  &quot;networkConnectionEnabled&quot;: false,
  &quot;pageLoadStrategy&quot;: &quot;normal&quot;,
  &quot;platform&quot;: &quot;LINUX&quot;,
  &quot;platformName&quot;: &quot;LINUX&quot;,
  &quot;proxy&quot;: {
    &quot;proxyType&quot;: &quot;DIRECT&quot;,
    &quot;autodetect&quot;: false
  },
  &quot;requestId&quot;: &quot;11cfa7c1-7ffa-45fc-879b-0c368f1ec893&quot;,
  &quot;se:cdp&quot;: &quot;ws://172.41.4.211:4444/session/6f49055dc3f67dcbddb48305170ece88/se/cdp&quot;,
  &quot;se:cdpVersion&quot;: &quot;94.0.4606.81&quot;,
  &quot;se:vnc&quot;: &quot;ws://172.41.4.211:4444/session/6f49055dc3f67dcbddb48305170ece88/se/vnc&quot;,
  &quot;se:vncEnabled&quot;: true,
  &quot;se:vncLocalAddress&quot;: &quot;ws://172.41.4.211:7900&quot;,
  &quot;setWindowRect&quot;: true,
  &quot;strictFileInteractability&quot;: false,
  &quot;timeouts&quot;: {
    &quot;implicit&quot;: 0,
    &quot;pageLoad&quot;: 300000,
    &quot;script&quot;: 30000
  },
  &quot;unhandledPromptBehavior&quot;: &quot;dismiss and notify&quot;,
  &quot;webauthn:extension:credBlob&quot;: true,
  &quot;webauthn:extension:largeBlob&quot;: true,
  &quot;webauthn:virtualAuthenticators&quot;: true
}"/>
         <property name="os" value="Mac OS X 64bit"/>
         <property name="remoteOS" value="Linux"/>
         <property name="katalonVersion" value="8.2.5.208"/>
         <property name="browser" value="Chrome 94.0.4606.81"/>
         <property name="hostAddress" value="10.10.34.245"/>
         <property name="sessionId" value="6f49055dc3f67dcbddb48305170ece88"/>
         <property name="seleniumVersion" value="3.141.59"/>
         <property name="proxyInformation" value="ProxyInformation { proxyOption=NO_PROXY, proxyServerType=SOCKS, username=, password=********, proxyServerAddress=localhost, proxyServerPort=8080, executionList=&quot;&quot;, isApplyToDesiredCapabilities=true }"/>
         <property name="platform" value="Mac OS X"/>
      </properties>
      <testcase name="Test Cases/New Test Case" time="44.307" classname="Test Cases/New Test Case" status="PASSED">
         <system-out><![CDATA[2022-03-31 10:04:55 - [TEST_CASE][PASSED] - Test Cases/New Test Case: Test Cases/New Test Case

2022-03-31 10:04:55 - [TEST_STEP][PASSED] - openBrowser(""): Browser is opened with url: ''

2022-03-31 10:04:55 - [MESSAGE][INFO] - User set preference: ['os', 'linux']

2022-03-31 10:04:55 - [MESSAGE][INFO] - User set preference: ['browserName', 'chrome']

2022-03-31 10:04:55 - [MESSAGE][INFO] - User set preference: ['browserVersion', '94']

2022-03-31 10:04:55 - [MESSAGE][INFO] - User set preference: ['katalon:option', '{organizationId=152796, tunnelId=, usingTunnel=false}']

2022-03-31 10:04:55 - [MESSAGE][INFO] - Connecting to remote web server 'testcloud.dev.katalon.com/hub' with type 'Selenium'

2022-03-31 10:04:55 - [MESSAGE][INFO] - Action delay is set to 0 milliseconds

2022-03-31 10:05:26 - [MESSAGE][PASSED] - Browser is opened with url: ''

2022-03-31 10:05:26 - [TEST_STEP][PASSED] - navigateToUrl("https://hosrem.zamo.io/user/login"): Navigate to 'https://hosrem.zamo.io/user/login' successfully

2022-03-31 10:05:30 - [MESSAGE][PASSED] - Navigate to 'https://hosrem.zamo.io/user/login' successfully

2022-03-31 10:05:30 - [TEST_STEP][PASSED] - setText(findTestObject("Object Repository/Page_ng nhp - HOSREM/input_ng nhp_username"), "admin@hosrem.org.vn"): Text 'admin@hosrem.org.vn' is set on object 'Object Repository/Page_ng nhp - HOSREM/input_ng nhp_username'

2022-03-31 10:05:33 - [MESSAGE][PASSED] - Text 'admin@hosrem.org.vn' is set on object 'Object Repository/Page_ng nhp - HOSREM/input_ng nhp_username'

2022-03-31 10:05:33 - [TEST_STEP][PASSED] - setEncryptedText(findTestObject("Object Repository/Page_ng nhp - HOSREM/input_ng nhp_password"), "lRjbE94itQ2P5Nq77tCtDw=="): Text ****** has been set on object 'Object Repository/Page_ng nhp - HOSREM/input_ng nhp_password'

2022-03-31 10:05:35 - [MESSAGE][PASSED] - Text ****** has been set on object 'Object Repository/Page_ng nhp - HOSREM/input_ng nhp_password'

2022-03-31 10:05:35 - [TEST_STEP][PASSED] - click(findTestObject("Object Repository/Page_ng nhp - HOSREM/button_ng nhp")): Object: 'Object Repository/Page_ng nhp - HOSREM/button_ng nhp' is clicked on

2022-03-31 10:05:36 - [MESSAGE][PASSED] - Object: 'Object Repository/Page_ng nhp - HOSREM/button_ng nhp' is clicked on

2022-03-31 10:05:36 - [TEST_STEP][PASSED] - verifyElementText(findTestObject("Object Repository/Page_Hi ngh - HOSREM/span_Danh sch hi ngh"), "Danh sách hội nghị"): Actual text and expected text of test object 'Object Repository/Page_Hi ngh - HOSREM/span_Danh sch hi ngh' are matched.

2022-03-31 10:05:38 - [MESSAGE][PASSED] - Actual text and expected text of test object 'Object Repository/Page_Hi ngh - HOSREM/span_Danh sch hi ngh' are matched.

2022-03-31 10:05:38 - [TEST_STEP][PASSED] - closeBrowser(): Browser is closed

2022-03-31 10:05:39 - [MESSAGE][PASSED] - Browser is closed]]></system-out>
         <system-err><![CDATA[]]></system-err>
      </testcase>
      <system-out><![CDATA[2022-03-31 10:04:54 - [TEST_SUITE][PASSED] - New Test Suite: Test Cases/New Test Case]]></system-out>
      <system-err><![CDATA[]]></system-err>
   </testsuite>
</testsuites>
