<?xml version="1.0" encoding="UTF-8"?>
<testsuites name="New Test Suite (1)" time="92.438" tests="1" failures="0" errors="0">
   <testsuite name="New Test Suite (1)" tests="1" failures="0" errors="0" time="92.438" skipped="0" timestamp="2022-03-27 18:04:02" hostname="anle - localhost" id="Test Suites/New Test Suite (1)">
      <properties>
         <property name="deviceName" value=""/>
         <property name="devicePlatform" value=""/>
         <property name="logFolder" value="/Users/anle/Projects/TestCloud/Testing/smart-wait-example-tests/Reports/20220327_180351/New Test Suite (1)/20220327_180351"/>
         <property name="logFiles" value="/Users/anle/Projects/TestCloud/Testing/smart-wait-example-tests/Reports/20220327_180351/New Test Suite (1)/20220327_180351/execution0.log"/>
         <property name="attachments" value=""/>
         <property name="hostName" value="anle - localhost"/>
         <property name="remoteDriverUrl" value="testcloud.dev.katalon.com/hub"/>
         <property name="desiredCapabilities" value="{
  &quot;acceptInsecureCerts&quot;: false,
  &quot;browserName&quot;: &quot;internet explorer&quot;,
  &quot;browserVersion&quot;: &quot;11&quot;,
  &quot;javascriptEnabled&quot;: true,
  &quot;pageLoadStrategy&quot;: &quot;normal&quot;,
  &quot;platform&quot;: &quot;WINDOWS&quot;,
  &quot;platformName&quot;: &quot;WINDOWS&quot;,
  &quot;proxy&quot;: {
    &quot;proxyType&quot;: &quot;DIRECT&quot;,
    &quot;autodetect&quot;: false
  },
  &quot;requestId&quot;: &quot;4eed3f13-5fb5-4454-af5c-3bc158be3999&quot;,
  &quot;se:ieOptions&quot;: {
    &quot;browserAttachTimeout&quot;: 0,
    &quot;elementScrollBehavior&quot;: 0,
    &quot;enablePersistentHover&quot;: false,
    &quot;ie.browserCommandLineSwitches&quot;: &quot;&quot;,
    &quot;ie.edgechromium&quot;: true,
    &quot;ie.edgepath&quot;: &quot;&quot;,
    &quot;ie.ensureCleanSession&quot;: false,
    &quot;ie.fileUploadDialogTimeout&quot;: 3000,
    &quot;ie.forceCreateProcessApi&quot;: false,
    &quot;ie.usePerProcessProxy&quot;: false,
    &quot;ignoreProtectedModeSettings&quot;: true,
    &quot;ignoreZoomSetting&quot;: true,
    &quot;initialBrowserUrl&quot;: &quot;http://localhost:61734/&quot;,
    &quot;nativeEvents&quot;: true,
    &quot;requireWindowFocus&quot;: true
  },
  &quot;setWindowRect&quot;: true,
  &quot;strictFileInteractability&quot;: false,
  &quot;timeouts&quot;: {
    &quot;implicit&quot;: 0,
    &quot;pageLoad&quot;: 300000,
    &quot;script&quot;: 30000
  },
  &quot;unhandledPromptBehavior&quot;: &quot;dismiss and notify&quot;
}"/>
         <property name="os" value="Mac OS X 64bit"/>
         <property name="remoteOS" value="Windows"/>
         <property name="katalonVersion" value="8.2.5.208"/>
         <property name="browser" value="IE 11"/>
         <property name="hostAddress" value="127.0.0.1"/>
         <property name="sessionId" value="97d156e7-74af-457f-a517-a81be1e3c2a3"/>
         <property name="seleniumVersion" value="3.141.59"/>
         <property name="proxyInformation" value="ProxyInformation { proxyOption=NO_PROXY, proxyServerType=SOCKS, username=, password=********, proxyServerAddress=localhost, proxyServerPort=8080, executionList=&quot;&quot;, isApplyToDesiredCapabilities=true }"/>
         <property name="platform" value="Mac OS X"/>
      </properties>
      <testcase name="Test Cases/IE mode 1" time="92.133" classname="Test Cases/IE mode 1" status="PASSED">
         <system-out><![CDATA[2022-03-27 18:04:02 - [TEST_CASE][PASSED] - Test Cases/IE mode 1: Test Cases/IE mode 1

2022-03-27 18:04:02 - [TEST_STEP][PASSED] - openBrowser(""): Browser is opened with url: ''

2022-03-27 18:04:02 - [MESSAGE][INFO] - User set preference: ['os', 'windows']

2022-03-27 18:04:02 - [MESSAGE][INFO] - User set preference: ['browserName', 'internet explorer']

2022-03-27 18:04:02 - [MESSAGE][INFO] - User set preference: ['browserVersion', '11']

2022-03-27 18:04:02 - [MESSAGE][INFO] - User set preference: ['katalon:option', '{organizationId=152796, tunnelId=, usingTunnel=false}']

2022-03-27 18:04:02 - [MESSAGE][INFO] - Connecting to remote web server 'testcloud.dev.katalon.com/hub' with type 'Selenium'

2022-03-27 18:04:03 - [MESSAGE][INFO] - Action delay is set to 0 milliseconds

2022-03-27 18:05:27 - [MESSAGE][PASSED] - Browser is opened with url: ''

2022-03-27 18:05:27 - [TEST_STEP][PASSED] - navigateToUrl("https://app.qase.io/login"): Navigate to 'https://app.qase.io/login' successfully

2022-03-27 18:05:30 - [MESSAGE][PASSED] - Navigate to 'https://app.qase.io/login' successfully

2022-03-27 18:05:30 - [TEST_STEP][PASSED] - click(findTestObject("Object Repository/Page_Qase - test case management/button_Login")): Object: 'Object Repository/Page_Qase - test case management/button_Login' is clicked on

2022-03-27 18:05:33 - [MESSAGE][PASSED] - Object: 'Object Repository/Page_Qase - test case management/button_Login' is clicked on

2022-03-27 18:05:33 - [TEST_STEP][PASSED] - closeBrowser(): Browser is closed

2022-03-27 18:05:34 - [MESSAGE][PASSED] - Browser is closed]]></system-out>
         <system-err><![CDATA[]]></system-err>
      </testcase>
      <system-out><![CDATA[2022-03-27 18:04:02 - [TEST_SUITE][PASSED] - New Test Suite (1): Test Cases/IE mode 1]]></system-out>
      <system-err><![CDATA[]]></system-err>
   </testsuite>
</testsuites>
