<?xml version="1.0" encoding="UTF-8"?>
<testsuites name="New Test Suite (1)" time="75.15" tests="1" failures="0" errors="0">
   <testsuite name="New Test Suite (1)" tests="1" failures="0" errors="0" time="75.15" skipped="0" timestamp="2022-04-08 11:05:56" hostname="anle - localhost" id="Test Suites/New Test Suite (1)">
      <properties>
         <property name="deviceName" value=""/>
         <property name="devicePlatform" value=""/>
         <property name="logFolder" value="/Users/anle/Projects/TestCloud/Testing/smart-wait-example-tests/Reports/20220408_110545/New Test Suite (1)/20220408_110545"/>
         <property name="logFiles" value="/Users/anle/Projects/TestCloud/Testing/smart-wait-example-tests/Reports/20220408_110545/New Test Suite (1)/20220408_110545/execution0.log"/>
         <property name="attachments" value=""/>
         <property name="hostName" value="anle - localhost"/>
         <property name="remoteDriverUrl" value="testcloud.katalon.com/hub"/>
         <property name="desiredCapabilities" value="{
  &quot;acceptInsecureCerts&quot;: false,
  &quot;browserName&quot;: &quot;msedge&quot;,
  &quot;browserVersion&quot;: &quot;89.0.774.68&quot;,
  &quot;javascriptEnabled&quot;: true,
  &quot;katalon:option&quot;: {
    &quot;organizationId&quot;: &quot;152796&quot;,
    &quot;unlimitedExecutionMinutes&quot;: false,
    &quot;jwt&quot;: &quot;eyJ0eXAiOiJKV1QiLCJhbGciOiJSUzI1NiJ9.eyJzdWIiOiJhbi5sZUBrYXRhbG9uLmNvbSIsInVwbiI6Ijc2MjEwMCIsImdyb3VwcyI6WyJVU0VSIl0sInN0YXR1cyI6IlZFUklGSUVEIiwiZ2l2ZW5fbmFtZSI6IkFuIiwiZmFtaWx5X25hbWUiOiJMZSIsImVtYWlsIjoiYW4ubGVAa2F0YWxvbi5jb20iLCJlbWFpbF92ZXJpZmllZCI6dHJ1ZSwiY3JlYXRlZF9hdCI6MTYzMTI2OTcwMSwidXBkYXRlZF9hdCI6MTY0OTM5MDA3OCwiYW1yIjpbInB3ZCJdLCJpYXQiOjE2NDkzOTAxNDgsImV4cCI6MTY0OTk5NDk0OCwianRpIjoiNWYwZjNiZjQtZWU0YS00ZTRjLWFjOGQtNGRlMGUzNzNmMzk3IiwiaXNzIjoia2F0YWxvbi1hdXRoIn0.ZccnZpXT-7bO_3W_sd8zqzkLquNomhRZzMbIchJgDDISOXrNZK-CJfR7BwvnwPiNNRXuF09gXygLvNxoNY1Y0RQ1y4cI0jvupyrZETEQGz0DrW__H1c7VjQB4J85Y6lPDReSB_wWO8SWawyFF19k7uU92Ocr4zD8Pc571xLG_orqC2JcFCYRLWtFnfDoeUd6nUbz_aJG6NyKP-4W84_mlBGWTRVCEonPvXqv3j0SglcVa_4LYlUTksY3X9p46aVerk6NzS5YEvtkYTUMkzwRW4hb6aaxHVTl3k4dxLlX3vJOqL3WWwJP4Aa5e2fd5Em8xd8uyfn7hZiaLynjsrpnng&quot;,
    &quot;class&quot;: &quot;com.katalon.testcloud.grid.common.tunnel.domain.UserOptionCapability&quot;,
    &quot;userId&quot;: 762100,
    &quot;usingTunnel&quot;: false,
    &quot;username&quot;: &quot;an.le@katalon.com&quot;
  },
  &quot;ms:edgeOptions&quot;: {
    &quot;debuggerAddress&quot;: &quot;localhost:49361&quot;
  },
  &quot;msedge&quot;: {
    &quot;msedgedriverVersion&quot;: &quot;89.0.774.50 (a442ab9bd2156f1aaf6e26b4db623b9f39cbd060)&quot;,
    &quot;userDataDir&quot;: &quot;C:\\Users\\ContainerUser\\AppData\\Local\\Temp\\scoped_dir12044_1058341216&quot;
  },
  &quot;networkConnectionEnabled&quot;: false,
  &quot;os&quot;: &quot;windows&quot;,
  &quot;pageLoadStrategy&quot;: &quot;normal&quot;,
  &quot;platform&quot;: &quot;WINDOWS&quot;,
  &quot;platformName&quot;: &quot;WINDOWS&quot;,
  &quot;proxy&quot;: {
    &quot;proxyType&quot;: &quot;DIRECT&quot;,
    &quot;autodetect&quot;: false
  },
  &quot;requestId&quot;: &quot;392db163-a0d0-44fa-b868-0daa91d337ee&quot;,
  &quot;se:cdp&quot;: &quot;ws://172.48.189.233:4444/session/72d03a4910234e1ca8c72d2b21e89015/se/cdp&quot;,
  &quot;se:cdpVersion&quot;: &quot;89.0.774.68&quot;,
  &quot;setWindowRect&quot;: true,
  &quot;strictFileInteractability&quot;: false,
  &quot;timeouts&quot;: {
    &quot;implicit&quot;: 0,
    &quot;pageLoad&quot;: 300000,
    &quot;script&quot;: 30000
  },
  &quot;unhandledPromptBehavior&quot;: &quot;dismiss and notify&quot;,
  &quot;webauthn:extension:largeBlob&quot;: true,
  &quot;webauthn:virtualAuthenticators&quot;: true
}"/>
         <property name="os" value="Mac OS X 64bit"/>
         <property name="remoteOS" value="Windows"/>
         <property name="katalonVersion" value="8.2.5.208"/>
         <property name="browser" value="Edge Chromium 89"/>
         <property name="hostAddress" value="127.0.0.1"/>
         <property name="sessionId" value="72d03a4910234e1ca8c72d2b21e89015"/>
         <property name="seleniumVersion" value="3.141.59"/>
         <property name="proxyInformation" value="ProxyInformation { proxyOption=NO_PROXY, proxyServerType=SOCKS, username=, password=********, proxyServerAddress=localhost, proxyServerPort=8080, executionList=&quot;&quot;, isApplyToDesiredCapabilities=true }"/>
         <property name="platform" value="Mac OS X"/>
      </properties>
      <testcase name="Test Cases/New Test Case" time="74.601" classname="Test Cases/New Test Case" status="PASSED">
         <system-out><![CDATA[2022-04-08 11:05:57 - [TEST_CASE][PASSED] - Test Cases/New Test Case: Test Cases/New Test Case

2022-04-08 11:05:57 - [TEST_STEP][PASSED] - openBrowser(""): Browser is opened with url: ''

2022-04-08 11:05:58 - [MESSAGE][INFO] - User set preference: ['os', 'windows']

2022-04-08 11:05:58 - [MESSAGE][INFO] - User set preference: ['browserName', 'msedge']

2022-04-08 11:05:58 - [MESSAGE][INFO] - User set preference: ['browserVersion', '89']

2022-04-08 11:05:58 - [MESSAGE][INFO] - User set preference: ['katalon:option', '{organizationId=152796, tunnelId=, usingTunnel=false}']

2022-04-08 11:05:58 - [MESSAGE][INFO] - Connecting to remote web server 'testcloud.katalon.com/hub' with type 'Selenium'

2022-04-08 11:05:58 - [MESSAGE][INFO] - Action delay is set to 0 milliseconds

2022-04-08 11:06:56 - [MESSAGE][PASSED] - Browser is opened with url: ''

2022-04-08 11:06:56 - [TEST_STEP][PASSED] - navigateToUrl("https://hosrem.zamo.io/user/login"): Navigate to 'https://hosrem.zamo.io/user/login' successfully

2022-04-08 11:07:01 - [MESSAGE][PASSED] - Navigate to 'https://hosrem.zamo.io/user/login' successfully

2022-04-08 11:07:01 - [TEST_STEP][PASSED] - setText(findTestObject("Object Repository/Page_ng nhp - HOSREM/input_ng nhp_username"), "admin@hosrem.org.vn"): Text 'admin@hosrem.org.vn' is set on object 'Object Repository/Page_ng nhp - HOSREM/input_ng nhp_username'

2022-04-08 11:07:04 - [MESSAGE][PASSED] - Text 'admin@hosrem.org.vn' is set on object 'Object Repository/Page_ng nhp - HOSREM/input_ng nhp_username'

2022-04-08 11:07:04 - [TEST_STEP][PASSED] - setEncryptedText(findTestObject("Object Repository/Page_ng nhp - HOSREM/input_ng nhp_password"), "lRjbE94itQ2P5Nq77tCtDw=="): Text ****** has been set on object 'Object Repository/Page_ng nhp - HOSREM/input_ng nhp_password'

2022-04-08 11:07:06 - [MESSAGE][PASSED] - Text ****** has been set on object 'Object Repository/Page_ng nhp - HOSREM/input_ng nhp_password'

2022-04-08 11:07:06 - [TEST_STEP][PASSED] - click(findTestObject("Object Repository/Page_ng nhp - HOSREM/button_ng nhp")): Object: 'Object Repository/Page_ng nhp - HOSREM/button_ng nhp' is clicked on

2022-04-08 11:07:07 - [MESSAGE][PASSED] - Object: 'Object Repository/Page_ng nhp - HOSREM/button_ng nhp' is clicked on

2022-04-08 11:07:07 - [TEST_STEP][PASSED] - verifyElementText(findTestObject("Object Repository/Page_Hi ngh - HOSREM/span_Danh sch hi ngh"), "Danh sách hội nghị"): Actual text and expected text of test object 'Object Repository/Page_Hi ngh - HOSREM/span_Danh sch hi ngh' are matched.

2022-04-08 11:07:09 - [MESSAGE][PASSED] - Actual text and expected text of test object 'Object Repository/Page_Hi ngh - HOSREM/span_Danh sch hi ngh' are matched.

2022-04-08 11:07:09 - [TEST_STEP][PASSED] - closeBrowser(): Browser is closed

2022-04-08 11:07:11 - [MESSAGE][PASSED] - Browser is closed]]></system-out>
         <system-err><![CDATA[]]></system-err>
      </testcase>
      <system-out><![CDATA[2022-04-08 11:05:56 - [TEST_SUITE][PASSED] - New Test Suite (1): Test Cases/New Test Case]]></system-out>
      <system-err><![CDATA[]]></system-err>
   </testsuite>
</testsuites>
