<?xml version="1.0" encoding="UTF-8"?>
<testsuites name="New Test Suite" time="104.578" tests="1" failures="0" errors="0">
   <testsuite name="New Test Suite" tests="1" failures="0" errors="0" time="104.578" skipped="0" timestamp="2022-03-21 19:23:15" hostname="anle - localhost" id="Test Suites/New Test Suite">
      <properties>
         <property name="deviceName" value=""/>
         <property name="devicePlatform" value=""/>
         <property name="logFolder" value="/Users/anle/Projects/TestCloud/Testing/smart-wait-example-tests/Reports/20220321_192305/New Test Suite/20220321_192305"/>
         <property name="logFiles" value="/Users/anle/Projects/TestCloud/Testing/smart-wait-example-tests/Reports/20220321_192305/New Test Suite/20220321_192305/execution0.log"/>
         <property name="attachments" value=""/>
         <property name="hostName" value="anle - localhost"/>
         <property name="remoteDriverUrl" value="testcloud.dev.katalon.com/hub"/>
         <property name="desiredCapabilities" value="{
  &quot;acceptInsecureCerts&quot;: false,
  &quot;browserName&quot;: &quot;chrome&quot;,
  &quot;browserVersion&quot;: &quot;97.0.4692.99&quot;,
  &quot;chrome&quot;: {
    &quot;chromedriverVersion&quot;: &quot;97.0.4692.71 (adefa7837d02a07a604c1e6eff0b3a09422ab88d-refs/branch-heads/4692@{#1247})&quot;,
    &quot;userDataDir&quot;: &quot;C:\\Users\\ContainerAdministrator\\AppData\\Local\\Temp\\scoped_dir17896_1738391221&quot;
  },
  &quot;goog:chromeOptions&quot;: {
    &quot;debuggerAddress&quot;: &quot;localhost:50069&quot;
  },
  &quot;javascriptEnabled&quot;: true,
  &quot;katalon:option&quot;: {
    &quot;organizationId&quot;: &quot;152796&quot;,
    &quot;unlimitedExecutionMinutes&quot;: false,
    &quot;jwt&quot;: &quot;eyJ0eXAiOiJKV1QiLCJhbGciOiJSUzI1NiJ9.eyJzdWIiOiJhbi5sZUBrYXRhbG9uLmNvbSIsInVwbiI6IjQ4Nzk3OCIsImdyb3VwcyI6WyJVU0VSIl0sInN0YXR1cyI6IlZFUklGSUVEIiwiZ2l2ZW5fbmFtZSI6IiIsImZhbWlseV9uYW1lIjoiIiwiZW1haWwiOiJhbi5sZUBrYXRhbG9uLmNvbSIsImVtYWlsX3ZlcmlmaWVkIjp0cnVlLCJjcmVhdGVkX2F0IjoxNjMxMjcwMjU2LCJ1cGRhdGVkX2F0IjoxNjQ3ODYxODE2LCJhbXIiOlsicHdkIl0sImlhdCI6MTY0Nzg2MTk1MCwiZXhwIjoxNjQ4NDY2NzUwLCJqdGkiOiJiNWUzM2ZkMy01NTJhLTQyOGQtODRhMS0wY2I3NzNhM2ViZGIiLCJpc3MiOiJrYXRhbG9uLWF1dGgifQ.jvzrxdsrzTgxchmAwNQXFzhGogo7T6Dpn0UHb5vei4XqmK3zGj30EFbp0J7JQlnl1l0E0X59dWTlpgJ5yOVOTtE94b0iMPutRdCJ_qEm-2edkBXA0cBW7_m9IJvIFSxZn-ZR6lYot13W4ffh7IIpRW3j0Rn8xBrCorbWhy6sDMh9EAdw3pkvBBZij7yZ5Y5C0rAfy8g7BDu6ok-LlWWj4IzVrlflWfB-0AgrI2euy1bUGiPbxtVKdT91GaObl0CLJjy3ZXM02pp4UrDM8MQ5LVBAf8iDrVQfNJQ2DJD8m84JUHXFJR3zkSan6Ur1bZCCS5ydZ0kkXi-VRcUpcDJ5TQ&quot;,
    &quot;class&quot;: &quot;com.katalon.testcloud.grid.common.tunnel.domain.UserOptionCapability&quot;,
    &quot;userId&quot;: 487978,
    &quot;usingTunnel&quot;: false,
    &quot;username&quot;: &quot;an.le@katalon.com&quot;
  },
  &quot;networkConnectionEnabled&quot;: false,
  &quot;os&quot;: &quot;windows&quot;,
  &quot;pageLoadStrategy&quot;: &quot;normal&quot;,
  &quot;platform&quot;: &quot;WINDOWS&quot;,
  &quot;platformName&quot;: &quot;WINDOWS&quot;,
  &quot;proxy&quot;: {
    &quot;proxyType&quot;: &quot;DIRECT&quot;,
    &quot;autodetect&quot;: false
  },
  &quot;requestId&quot;: &quot;e9d85ae3-8e97-45a9-8934-91dce5c314ad&quot;,
  &quot;se:cdp&quot;: &quot;ws://172.41.4.100:4444/session/2bf07f19889838f7ea698d2344899dd9/se/cdp&quot;,
  &quot;se:cdpVersion&quot;: &quot;97.0.4692.99&quot;,
  &quot;setWindowRect&quot;: true,
  &quot;strictFileInteractability&quot;: false,
  &quot;timeouts&quot;: {
    &quot;implicit&quot;: 0,
    &quot;pageLoad&quot;: 300000,
    &quot;script&quot;: 30000
  },
  &quot;unhandledPromptBehavior&quot;: &quot;dismiss and notify&quot;,
  &quot;webauthn:extension:credBlob&quot;: true,
  &quot;webauthn:extension:largeBlob&quot;: true,
  &quot;webauthn:virtualAuthenticators&quot;: true
}"/>
         <property name="os" value="Mac OS X 64bit"/>
         <property name="remoteOS" value="Windows"/>
         <property name="katalonVersion" value="8.2.5.208"/>
         <property name="browser" value="Chrome 97.0.4692.99"/>
         <property name="hostAddress" value="127.0.0.1"/>
         <property name="sessionId" value="2bf07f19889838f7ea698d2344899dd9"/>
         <property name="seleniumVersion" value="3.141.59"/>
         <property name="proxyInformation" value="ProxyInformation { proxyOption=NO_PROXY, proxyServerType=SOCKS, username=, password=********, proxyServerAddress=localhost, proxyServerPort=8080, executionList=&quot;&quot;, isApplyToDesiredCapabilities=true }"/>
         <property name="platform" value="Mac OS X"/>
      </properties>
      <testcase name="Test Cases/IE mode 1" time="104.246" classname="Test Cases/IE mode 1" status="PASSED">
         <system-out><![CDATA[2022-03-21 19:23:15 - [TEST_CASE][PASSED] - Test Cases/IE mode 1: Test Cases/IE mode 1

2022-03-21 19:23:15 - [TEST_STEP][PASSED] - openBrowser(""): Browser is opened with url: ''

2022-03-21 19:23:16 - [MESSAGE][INFO] - User set preference: ['os', 'windows']

2022-03-21 19:23:16 - [MESSAGE][INFO] - User set preference: ['browserName', 'chrome']

2022-03-21 19:23:16 - [MESSAGE][INFO] - User set preference: ['browserVersion', '97']

2022-03-21 19:23:16 - [MESSAGE][INFO] - User set preference: ['katalon:option', '{organizationId=152796, tunnelId=, usingTunnel=false}']

2022-03-21 19:23:16 - [MESSAGE][INFO] - Connecting to remote web server 'testcloud.dev.katalon.com/hub' with type 'Selenium'

2022-03-21 19:23:16 - [MESSAGE][INFO] - Action delay is set to 0 milliseconds

2022-03-21 19:24:40 - [MESSAGE][PASSED] - Browser is opened with url: ''

2022-03-21 19:24:40 - [TEST_STEP][PASSED] - navigateToUrl("https://app.qase.io/login"): Navigate to 'https://app.qase.io/login' successfully

2022-03-21 19:24:42 - [MESSAGE][PASSED] - Navigate to 'https://app.qase.io/login' successfully

2022-03-21 19:24:42 - [TEST_STEP][PASSED] - aa = findTestObject("Object Repository/Page_Qase - test case management/input_Email_email"): null

2022-03-21 19:24:42 - [TEST_STEP][PASSED] - Thread.sleep(2000): null

2022-03-21 19:24:44 - [TEST_STEP][PASSED] - setText(aa, "an.le@zamo.io"): Text 'an.le@zamo.io' is set on object 'Object Repository/Page_Qase - test case management/input_Email_email'

2022-03-21 19:24:51 - [MESSAGE][PASSED] - Text 'an.le@zamo.io' is set on object 'Object Repository/Page_Qase - test case management/input_Email_email'

2022-03-21 19:24:51 - [TEST_STEP][PASSED] - setEncryptedText(findTestObject("Object Repository/Page_Qase - test case management/input_Password_password"), "aeHFOx8jV/A="): Text ****** has been set on object 'Object Repository/Page_Qase - test case management/input_Password_password'

2022-03-21 19:24:54 - [MESSAGE][PASSED] - Text ****** has been set on object 'Object Repository/Page_Qase - test case management/input_Password_password'

2022-03-21 19:24:54 - [TEST_STEP][PASSED] - click(findTestObject("Object Repository/Page_Qase - test case management/button_Login")): Object: 'Object Repository/Page_Qase - test case management/button_Login' is clicked on

2022-03-21 19:24:58 - [MESSAGE][PASSED] - Object: 'Object Repository/Page_Qase - test case management/button_Login' is clicked on

2022-03-21 19:24:58 - [TEST_STEP][PASSED] - closeBrowser(): Browser is closed

2022-03-21 19:24:59 - [MESSAGE][PASSED] - Browser is closed]]></system-out>
         <system-err><![CDATA[]]></system-err>
      </testcase>
      <system-out><![CDATA[2022-03-21 19:23:15 - [TEST_SUITE][PASSED] - New Test Suite: Test Cases/IE mode 1]]></system-out>
      <system-err><![CDATA[]]></system-err>
   </testsuite>
</testsuites>
