<?xml version="1.0" encoding="UTF-8"?>
<testsuites name="New Test Suite" time="88.31" tests="1" failures="0" errors="0">
   <testsuite name="New Test Suite" tests="1" failures="0" errors="0" time="88.31" skipped="0" timestamp="2022-03-21 16:41:03" hostname="anle - localhost" id="Test Suites/New Test Suite">
      <properties>
         <property name="deviceName" value=""/>
         <property name="devicePlatform" value=""/>
         <property name="logFolder" value="/Users/anle/Projects/TestCloud/Testing/smart-wait-example-tests/Reports/20220321_164053/New Test Suite/20220321_164053"/>
         <property name="logFiles" value="/Users/anle/Projects/TestCloud/Testing/smart-wait-example-tests/Reports/20220321_164053/New Test Suite/20220321_164053/execution0.log"/>
         <property name="attachments" value="/Users/anle/Projects/TestCloud/Testing/smart-wait-example-tests/Reports/20220321_164053/New Test Suite/20220321_164053/1647855742180.png"/>
         <property name="hostName" value="anle - localhost"/>
         <property name="remoteDriverUrl" value="testcloud.dev.katalon.com/hub"/>
         <property name="desiredCapabilities" value="{
  &quot;acceptInsecureCerts&quot;: false,
  &quot;browserName&quot;: &quot;internet explorer&quot;,
  &quot;browserVersion&quot;: &quot;11&quot;,
  &quot;enablePersistentHover&quot;: false,
  &quot;ie.edgechromium&quot;: true,
  &quot;ignoreProtectedModeSettings&quot;: true,
  &quot;ignoreZoomSetting&quot;: true,
  &quot;javascriptEnabled&quot;: true,
  &quot;os&quot;: &quot;windows&quot;,
  &quot;pageLoadStrategy&quot;: &quot;normal&quot;,
  &quot;platform&quot;: &quot;WINDOWS&quot;,
  &quot;platformName&quot;: &quot;WINDOWS&quot;,
  &quot;proxy&quot;: {
    &quot;proxyType&quot;: &quot;DIRECT&quot;,
    &quot;autodetect&quot;: false
  },
  &quot;requestId&quot;: &quot;835f1852-0867-411e-a67a-639c6f96a726&quot;,
  &quot;requireWindowFocus&quot;: false,
  &quot;se:ieOptions&quot;: {
    &quot;browserAttachTimeout&quot;: 0,
    &quot;elementScrollBehavior&quot;: 0,
    &quot;enablePersistentHover&quot;: false,
    &quot;ie.browserCommandLineSwitches&quot;: &quot;&quot;,
    &quot;ie.edgechromium&quot;: true,
    &quot;ie.edgepath&quot;: &quot;&quot;,
    &quot;ie.ensureCleanSession&quot;: false,
    &quot;ie.fileUploadDialogTimeout&quot;: 3000,
    &quot;ie.forceCreateProcessApi&quot;: false,
    &quot;ie.usePerProcessProxy&quot;: false,
    &quot;ignoreProtectedModeSettings&quot;: true,
    &quot;ignoreZoomSetting&quot;: true,
    &quot;initialBrowserUrl&quot;: &quot;http://localhost:53861/&quot;,
    &quot;nativeEvents&quot;: true,
    &quot;requireWindowFocus&quot;: false
  },
  &quot;setWindowRect&quot;: true,
  &quot;strictFileInteractability&quot;: false,
  &quot;test:katalon:option&quot;: {
    &quot;organizationId&quot;: &quot;152796&quot;,
    &quot;unlimitedExecutionMinutes&quot;: false,
    &quot;jwt&quot;: &quot;eyJ0eXAiOiJKV1QiLCJhbGciOiJSUzI1NiJ9.eyJzdWIiOiJhbi5sZUBrYXRhbG9uLmNvbSIsInVwbiI6IjQ4Nzk3OCIsImdyb3VwcyI6WyJVU0VSIl0sInN0YXR1cyI6IlZFUklGSUVEIiwiZ2l2ZW5fbmFtZSI6IiIsImZhbWlseV9uYW1lIjoiIiwiZW1haWwiOiJhbi5sZUBrYXRhbG9uLmNvbSIsImVtYWlsX3ZlcmlmaWVkIjp0cnVlLCJjcmVhdGVkX2F0IjoxNjMxMjcwMjU2LCJ1cGRhdGVkX2F0IjoxNjQ3ODI4ODA4LCJhbXIiOlsicHdkIl0sImlhdCI6MTY0NzgyODg2MiwiZXhwIjoxNjQ4NDMzNjYyLCJqdGkiOiIyNDQyN2QzZS03MmY1LTRmYzgtYTM4Mi00NWY2ZmI0YmQ1MTUiLCJpc3MiOiJrYXRhbG9uLWF1dGgifQ.TuDI8diWs57pIQRydbOjMxyO5jnGLMRb5nr1Z9yNhqs_1APs78oE9Hl0Kd9isS7jG-u1VKxB81cRq4q1SO2fShzEum2hY9OgcAyDXwOIOGqn6R7yLXe3lldm8mHLvfn8e4hXSIy8l1ctJvMXOdHbcjpm5Ma1ZkN3RwF2TURC43Ckxnp-Ywtbtmb6L75DW4pZbp0M5-RSWuerN_38POdt0CbKFo59VaUMC8UQyUyWHhN6HRCyW1r6V1pgajV-8d_QkGvlxQn1b9EtVmi2XEOFlVOOaiPgROrmjOxG1_5XvXe7Pwem2LVE39OzwIxL8yneals74uQvIbr_4Iiz-KAmpg&quot;,
    &quot;class&quot;: &quot;com.katalon.testcloud.grid.common.tunnel.domain.UserOptionCapability&quot;,
    &quot;userId&quot;: 487978,
    &quot;usingTunnel&quot;: false,
    &quot;username&quot;: &quot;an.le@katalon.com&quot;
  },
  &quot;timeouts&quot;: {
    &quot;implicit&quot;: 0,
    &quot;pageLoad&quot;: 300000,
    &quot;script&quot;: 30000
  },
  &quot;unhandledPromptBehavior&quot;: &quot;dismiss and notify&quot;
}"/>
         <property name="os" value="Mac OS X 64bit"/>
         <property name="remoteOS" value="Windows"/>
         <property name="katalonVersion" value="8.2.5.208"/>
         <property name="browser" value="IE 11"/>
         <property name="hostAddress" value="127.0.0.1"/>
         <property name="sessionId" value="f30bd21b-6b9f-4877-a7f2-206174bacf0a"/>
         <property name="seleniumVersion" value="3.141.59"/>
         <property name="proxyInformation" value="ProxyInformation { proxyOption=NO_PROXY, proxyServerType=SOCKS, username=, password=********, proxyServerAddress=localhost, proxyServerPort=8080, executionList=&quot;&quot;, isApplyToDesiredCapabilities=true }"/>
         <property name="platform" value="Mac OS X"/>
      </properties>
      <testcase name="Test Cases/IE mode 1" time="0.668" classname="Test Cases/IE mode 1" status="INCOMPLETE">
         <system-out><![CDATA[2022-03-21 16:42:30 - [TEST_CASE][INCOMPLETE] - Test Cases/IE mode 1: null

2022-03-21 16:42:30 - [TEST_STEP][INCOMPLETE] - openBrowser(""): Action delay is set to 0 milliseconds

2022-03-21 16:42:30 - [MESSAGE][WARNING] - A browser is already opened. Closing browser and opening a new one

2022-03-21 16:42:31 - [MESSAGE][INFO] - User set preference: ['os', 'windows']

2022-03-21 16:42:31 - [MESSAGE][INFO] - User set preference: ['browserName', 'internet explorer']

2022-03-21 16:42:31 - [MESSAGE][INFO] - User set preference: ['browserVersion', '11']

2022-03-21 16:42:31 - [MESSAGE][INFO] - User set preference: ['katalon:option', '{organizationId=152796, tunnelId=, usingTunnel=false}']

2022-03-21 16:42:31 - [MESSAGE][INFO] - Connecting to remote web server 'testcloud.dev.katalon.com/hub' with type 'Selenium'

2022-03-21 16:42:31 - [MESSAGE][INFO] - Action delay is set to 0 milliseconds]]></system-out>
         <system-err><![CDATA[2022-03-21 16:42:30 - [TEST_CASE][INCOMPLETE] - Test Cases/IE mode 1: null]]></system-err>
      </testcase>
      <system-out><![CDATA[2022-03-21 16:41:03 - [TEST_SUITE][INCOMPLETE] - New Test Suite: null]]></system-out>
      <system-err><![CDATA[2022-03-21 16:41:03 - [TEST_SUITE][INCOMPLETE] - New Test Suite: null]]></system-err>
   </testsuite>
</testsuites>
