<?xml version="1.0" encoding="UTF-8"?>
<testsuites name="New Test Suite" time="159.513" tests="1" failures="0" errors="0">
   <testsuite name="New Test Suite" tests="1" failures="0" errors="0" time="159.513" skipped="0" timestamp="2022-04-06 14:07:01" hostname="anle - localhost" id="Test Suites/New Test Suite">
      <properties>
         <property name="deviceName" value=""/>
         <property name="devicePlatform" value=""/>
         <property name="logFolder" value="/Users/anle/Projects/TestCloud/Testing/smart-wait-example-tests/Reports/20220406_140655/New Test Suite/20220406_140655"/>
         <property name="logFiles" value="/Users/anle/Projects/TestCloud/Testing/smart-wait-example-tests/Reports/20220406_140655/New Test Suite/20220406_140655/execution0.log"/>
         <property name="attachments" value=""/>
         <property name="hostName" value="anle - localhost"/>
         <property name="remoteDriverUrl" value="testcloud.katalon.com/hub"/>
         <property name="desiredCapabilities" value="{
  &quot;acceptInsecureCerts&quot;: false,
  &quot;browserName&quot;: &quot;msedge&quot;,
  &quot;browserVersion&quot;: &quot;98.0.1108.55&quot;,
  &quot;javascriptEnabled&quot;: true,
  &quot;katalon:option&quot;: {
    &quot;organizationId&quot;: &quot;152796&quot;,
    &quot;unlimitedExecutionMinutes&quot;: false,
    &quot;jwt&quot;: &quot;eyJ0eXAiOiJKV1QiLCJhbGciOiJSUzI1NiJ9.eyJzdWIiOiJhbi5sZUBrYXRhbG9uLmNvbSIsInVwbiI6Ijc2MjEwMCIsImdyb3VwcyI6WyJVU0VSIl0sInN0YXR1cyI6IlZFUklGSUVEIiwiZ2l2ZW5fbmFtZSI6IkFuIiwiZmFtaWx5X25hbWUiOiJMZSIsImVtYWlsIjoiYW4ubGVAa2F0YWxvbi5jb20iLCJlbWFpbF92ZXJpZmllZCI6dHJ1ZSwiY3JlYXRlZF9hdCI6MTYzMTI2OTcwMSwidXBkYXRlZF9hdCI6MTY0OTIyMDc2MSwiYW1yIjpbInB3ZCJdLCJpYXQiOjE2NDkyMjA3OTEsImV4cCI6MTY0OTgyNTU5MSwianRpIjoiY2JlNzkyMDEtN2JlMi00MjYxLTkyY2YtNTMzMDcyNWFlY2UwIiwiaXNzIjoia2F0YWxvbi1hdXRoIn0.UvYbi5-cpEk41OdVPUA0wxFYwHN149KjnrH-jKxBqxexFjVol_GC9J2_YSUpExNMIUbW6hZOBDHrkVcGiOKjm6u0hgnfzUJGl6EGTZvVMFhkG7OKMOBSF21azrsBjsFPKtwV5GG-9wlLC0ImdDu06dDs2w_038-cBX24P08RTn6tnPUuR85uLnhu_LLQo2tPWuxVV6kF0qus9T3YPxaBq4myCyDad2OIgYg32Kz28YzO_mtc0ne51cq6qw1MIadANS3NApkh7m7KRv13ezfUMZoAyr9mqfcQ2C2H6zcVUIwe6btC8Z0h5kvJF7KGLxEw_Xjcpy8R1-7R_qKcRyFC9Q&quot;,
    &quot;class&quot;: &quot;com.katalon.testcloud.grid.common.tunnel.domain.UserOptionCapability&quot;,
    &quot;userId&quot;: 762100,
    &quot;usingTunnel&quot;: false,
    &quot;username&quot;: &quot;an.le@katalon.com&quot;
  },
  &quot;ms:edgeOptions&quot;: {
    &quot;debuggerAddress&quot;: &quot;localhost:49285&quot;
  },
  &quot;msedge&quot;: {
    &quot;msedgedriverVersion&quot;: &quot;98.0.1108.55 (8e8d1f96aad47d4da4fa4b0e82b2d025674395e7)&quot;,
    &quot;userDataDir&quot;: &quot;C:\\Users\\ContainerUser\\AppData\\Local\\Temp\\scoped_dir8424_1996283134&quot;
  },
  &quot;networkConnectionEnabled&quot;: false,
  &quot;os&quot;: &quot;windows&quot;,
  &quot;pageLoadStrategy&quot;: &quot;normal&quot;,
  &quot;platform&quot;: &quot;WINDOWS&quot;,
  &quot;platformName&quot;: &quot;WINDOWS&quot;,
  &quot;proxy&quot;: {
    &quot;proxyType&quot;: &quot;DIRECT&quot;,
    &quot;autodetect&quot;: false
  },
  &quot;requestId&quot;: &quot;075ee7dc-8a24-4b96-a715-a34855749385&quot;,
  &quot;se:cdp&quot;: &quot;ws://172.48.131.11:4444/session/33eff4b024806551341cc1441a166481/se/cdp&quot;,
  &quot;se:cdpVersion&quot;: &quot;98.0.1108.55&quot;,
  &quot;setWindowRect&quot;: true,
  &quot;strictFileInteractability&quot;: false,
  &quot;timeouts&quot;: {
    &quot;implicit&quot;: 0,
    &quot;pageLoad&quot;: 300000,
    &quot;script&quot;: 30000
  },
  &quot;unhandledPromptBehavior&quot;: &quot;dismiss and notify&quot;,
  &quot;webauthn:extension:credBlob&quot;: true,
  &quot;webauthn:extension:largeBlob&quot;: true,
  &quot;webauthn:virtualAuthenticators&quot;: true
}"/>
         <property name="os" value="Mac OS X 64bit"/>
         <property name="remoteOS" value="Windows"/>
         <property name="katalonVersion" value="8.2.5.208"/>
         <property name="browser" value="Edge Chromium 98"/>
         <property name="hostAddress" value="127.0.0.1"/>
         <property name="sessionId" value="33eff4b024806551341cc1441a166481"/>
         <property name="seleniumVersion" value="3.141.59"/>
         <property name="proxyInformation" value="ProxyInformation { proxyOption=NO_PROXY, proxyServerType=SOCKS, username=, password=********, proxyServerAddress=localhost, proxyServerPort=8080, executionList=&quot;&quot;, isApplyToDesiredCapabilities=true }"/>
         <property name="platform" value="Mac OS X"/>
      </properties>
      <testcase name="Test Cases/New Test Case" time="158.917" classname="Test Cases/New Test Case" status="PASSED">
         <system-out><![CDATA[2022-04-06 14:07:01 - [TEST_CASE][PASSED] - Test Cases/New Test Case: Test Cases/New Test Case

2022-04-06 14:07:02 - [TEST_STEP][PASSED] - openBrowser(""): Browser is opened with url: ''

2022-04-06 14:07:03 - [MESSAGE][INFO] - User set preference: ['os', 'windows']

2022-04-06 14:07:03 - [MESSAGE][INFO] - User set preference: ['browserName', 'msedge']

2022-04-06 14:07:03 - [MESSAGE][INFO] - User set preference: ['browserVersion', '98']

2022-04-06 14:07:03 - [MESSAGE][INFO] - User set preference: ['katalon:option', '{organizationId=152796, tunnelId=, usingTunnel=false}']

2022-04-06 14:07:03 - [MESSAGE][INFO] - Connecting to remote web server 'testcloud.katalon.com/hub' with type 'Selenium'

2022-04-06 14:07:03 - [MESSAGE][INFO] - Action delay is set to 0 milliseconds

2022-04-06 14:08:55 - [MESSAGE][PASSED] - Browser is opened with url: ''

2022-04-06 14:08:55 - [TEST_STEP][PASSED] - navigateToUrl("https://hosrem.zamo.io/user/login"): Navigate to 'https://hosrem.zamo.io/user/login' successfully

2022-04-06 14:09:05 - [MESSAGE][PASSED] - Navigate to 'https://hosrem.zamo.io/user/login' successfully

2022-04-06 14:09:05 - [TEST_STEP][PASSED] - setText(findTestObject("Object Repository/Page_ng nhp - HOSREM/input_ng nhp_username"), "admin@hosrem.org.vn"): Text 'admin@hosrem.org.vn' is set on object 'Object Repository/Page_ng nhp - HOSREM/input_ng nhp_username'

2022-04-06 14:09:10 - [MESSAGE][PASSED] - Text 'admin@hosrem.org.vn' is set on object 'Object Repository/Page_ng nhp - HOSREM/input_ng nhp_username'

2022-04-06 14:09:10 - [TEST_STEP][PASSED] - setEncryptedText(findTestObject("Object Repository/Page_ng nhp - HOSREM/input_ng nhp_password"), "lRjbE94itQ2P5Nq77tCtDw=="): Text ****** has been set on object 'Object Repository/Page_ng nhp - HOSREM/input_ng nhp_password'

2022-04-06 14:09:13 - [MESSAGE][PASSED] - Text ****** has been set on object 'Object Repository/Page_ng nhp - HOSREM/input_ng nhp_password'

2022-04-06 14:09:13 - [TEST_STEP][PASSED] - click(findTestObject("Object Repository/Page_ng nhp - HOSREM/button_ng nhp")): Object: 'Object Repository/Page_ng nhp - HOSREM/button_ng nhp' is clicked on

2022-04-06 14:09:15 - [MESSAGE][PASSED] - Object: 'Object Repository/Page_ng nhp - HOSREM/button_ng nhp' is clicked on

2022-04-06 14:09:15 - [TEST_STEP][PASSED] - verifyElementText(findTestObject("Object Repository/Page_Hi ngh - HOSREM/span_Danh sch hi ngh"), "Danh sách hội nghị"): Actual text and expected text of test object 'Object Repository/Page_Hi ngh - HOSREM/span_Danh sch hi ngh' are matched.

2022-04-06 14:09:19 - [MESSAGE][PASSED] - Actual text and expected text of test object 'Object Repository/Page_Hi ngh - HOSREM/span_Danh sch hi ngh' are matched.

2022-04-06 14:09:19 - [TEST_STEP][PASSED] - closeBrowser(): Browser is closed

2022-04-06 14:09:40 - [MESSAGE][PASSED] - Browser is closed]]></system-out>
         <system-err><![CDATA[]]></system-err>
      </testcase>
      <system-out><![CDATA[2022-04-06 14:07:01 - [TEST_SUITE][PASSED] - New Test Suite: Test Cases/New Test Case]]></system-out>
      <system-err><![CDATA[]]></system-err>
   </testsuite>
</testsuites>
